<?xml version="1.0" encoding="UTF-8"?>
<testsuite xmlns:xsi="http://www.w3.org/2001/XMLSchema-instance" xsi:noNamespaceSchemaLocation="https://maven.apache.org/surefire/maven-failsafe-plugin/xsd/failsafe-test-report-3.0.xsd" version="3.0" name="CucumberTestSuite" time="276.155" tests="2" errors="1" skipped="0" failures="0">
  <properties>
[...]
</properties>
  <testcase name="Login with locked account" classname="Login" time="167.519">
    <system-out><![CDATA[16:03:49.150 [main] INFO io.cucumber.core.plugin.SerenityReporter - Running feature from file:///C:/Users/Acer/IdeaProjects/serenity/src/test/resources/features/Login.feature
16:03:49.821 [main] INFO  - 

-------------------------------------------------------------------------------------
     _______. _______ .______       _______ .__   __.  __  .___________.____    ____ 
    /       ||   ____||   _  \     |   ____||  \ |  | |  | |           |\   \  /   / 
   |   (----`|  |__   |  |_)  |    |  |__   |   \|  | |  | `---|  |----` \   \/   /  
    \   \    |   __|  |      /     |   __|  |  . `  | |  |     |  |       \_    _/   
.----)   |   |  |____ |  |\  \----.|  |____ |  |\   | |  |     |  |         |  |     
|_______/    |_______|| _| `._____||_______||__| \__| |__|     |__|         |__|    
                                                                                     
 News and tutorials at http://www.serenity-bdd.info                                  
 Documentation at https://wakaleo.gitbooks.io/the-serenity-book/content/             
 Join the Serenity Community on Gitter: https://gitter.im/serenity-bdd/serenity-core 
 Serenity BDD Support and Training at http://serenity-bdd.info/#/trainingandsupport  
-------------------------------------------------------------------------------------

16:03:49.831 [main] DEBUG net.thucydides.core.steps.StepEventBus - Test suite started for story net.thucydides.core.model.Story@23282f08
16:03:49.842 [main] INFO  - Test Suite Started: Login
16:03:50.021 [main] INFO io.cucumber.core.plugin.SerenityReporter - Running feature from file:///C:/Users/Acer/IdeaProjects/serenity/src/test/resources/features/Login.feature
16:03:50.040 [main] DEBUG net.thucydides.core.steps.StepEventBus - Test suite started for story net.thucydides.core.model.Story@23282f08
16:03:50.043 [main] INFO  - Test Suite Started: Login

Scenario: Login with locked account &amp#27;[90m# src/test/resources/features/Login.feature:6&amp#27;[0m
16:03:50.299 [main] INFO io.cucumber.core.plugin.SerenityReporter - Running feature from file:///C:/Users/Acer/IdeaProjects/serenity/src/test/resources/features/Login.feature
16:03:51.101 [main] INFO  - 
  _____   ___   ___   _____     ___   _____     _     ___   _____   ___   ___  
 |_   _| | __| / __| |_   _|   / __| |_   _|   /_\   | _ \ |_   _| | __| |   \ 
   | |   | _|  \__ \   | |     \__ \   | |    / _ \  |   /   | |   | _|  | |) |
   |_|   |___| |___/   |_|     |___/   |_|   /_/ \_\ |_|_\   |_|   |___| |___/ 

Login with locked account(login;login-with-locked-account)
--------------------------------------------------------------------------------
16:03:53.932 [main] INFO net.serenitybdd.core.webdriver.driverproviders.ChromeDriverProvider - Using automatically driver download
16:03:57.635 [main] DEBUG io.github.bonigarcia.wdm.cache.ResolutionCache - Resolution chrome=106 in cache (valid until 16:25:56 12/10/2022 ICT)
16:03:57.675 [main] DEBUG io.github.bonigarcia.wdm.cache.ResolutionCache - Resolution chrome106=106.0.5249.61 in cache (valid until 15:25:56 13/10/2022 ICT)
16:03:57.812 [main] INFO io.github.bonigarcia.wdm.WebDriverManager - Using chromedriver 106.0.5249.61 (resolved driver for Chrome 106)
16:03:57.941 [main] DEBUG io.github.bonigarcia.wdm.WebDriverManager - Driver chromedriver 106.0.5249.61 found in cache
16:03:57.943 [main] INFO io.github.bonigarcia.wdm.WebDriverManager - Exporting webdriver.chrome.driver as C:\Users\Acer\.cache\selenium\chromedriver\win32\106.0.5249.61\chromedriver.exe
16:04:01.432 [main] DEBUG net.thucydides.core.reflection.ClassFinder - Could not load class .CucumberTestSuite
16:04:01.432 [main] DEBUG net.thucydides.core.reflection.ClassFinder - Could not load class .starter.pages.CartPage
16:04:01.432 [main] DEBUG net.thucydides.core.reflection.ClassFinder - Could not load class .starter.pages.LoginPage
16:04:01.432 [main] DEBUG net.thucydides.core.reflection.ClassFinder - Could not load class .starter.stepdefinitions.LoginStep
16:04:01.433 [main] DEBUG net.thucydides.core.reflection.ClassFinder - Could not load class META-INF.versions.9.com.sun.istack.logging.StackHelper
16:04:01.434 [main] DEBUG net.thucydides.core.reflection.ClassFinder - Could not load class META-INF.versions.9.com.sun.xml.bind.v2.runtime.reflect.opt.AccessorInjector
16:04:01.435 [main] DEBUG net.thucydides.core.reflection.ClassFinder - Could not load class META-INF.versions.9.com.sun.xml.bind.v2.runtime.reflect.opt.Injector
16:04:01.436 [main] DEBUG net.thucydides.core.reflection.ClassFinder - Could not load class META-INF.versions.9.com.sun.xml.bind.v2.runtime.reflect.opt.OptimizedAccessorFactory
16:04:01.437 [main] DEBUG net.thucydides.core.reflection.ClassFinder - Could not load class META-INF.versions.9.com.sun.xml.bind.v2.runtime.reflect.opt.OptimizedTransducedAccessorFactory
16:04:01.437 [main] DEBUG net.thucydides.core.reflection.ClassFinder - Could not load class META-INF.versions.9.io.opentelemetry.sdk.internal.CurrentJavaVersionSpecific
16:04:01.438 [main] DEBUG net.thucydides.core.reflection.ClassFinder - Could not load class META-INF.versions.9.io.opentelemetry.sdk.internal.Java9VersionSpecific
16:04:01.439 [main] DEBUG net.thucydides.core.reflection.ClassFinder - Could not load class META-INF.versions.9.javax.xml.bind.ModuleUtil
16:04:01.439 [main] DEBUG net.thucydides.core.reflection.ClassFinder - Could not load class META-INF.versions.9.module-info
16:04:01.440 [main] DEBUG net.thucydides.core.reflection.ClassFinder - Could not load class META-INF.versions.9.org.junit.platform.commons.util.ModuleUtils
16:04:02.435 [main] DEBUG net.thucydides.core.reflection.ClassFinder - Could not load class com.google.gson.internal.
16:04:03.041 [main] DEBUG net.thucydides.core.reflection.ClassFinder - Could not load class com.sun.xml.bind.v2.runtime.output.FastInfosetStreamWriterOutput
16:04:04.220 [main] DEBUG net.thucydides.core.reflection.ClassFinder - Could not load class module-info
16:04:12.181 [main] DEBUG io.netty.util.internal.logging.InternalLoggerFactory - Using SLF4J as the default logging framework
16:04:12.193 [main] DEBUG io.netty.util.ResourceLeakDetector - -Dio.netty.leakDetection.level: simple
16:04:12.193 [main] DEBUG io.netty.util.ResourceLeakDetector - -Dio.netty.leakDetection.targetRecords: 4
16:04:12.219 [main] DEBUG io.netty.util.ResourceLeakDetectorFactory - Loaded default ResourceLeakDetector: io.netty.util.ResourceLeakDetector@3d7c76af
16:04:12.300 [main] DEBUG io.netty.util.internal.PlatformDependent0 - -Dio.netty.noUnsafe: false
16:04:12.300 [main] DEBUG io.netty.util.internal.PlatformDependent0 - Java version: 11
16:04:12.302 [main] DEBUG io.netty.util.internal.PlatformDependent0 - sun.misc.Unsafe.theUnsafe: available
16:04:12.304 [main] DEBUG io.netty.util.internal.PlatformDependent0 - sun.misc.Unsafe.copyMemory: available
16:04:12.306 [main] DEBUG io.netty.util.internal.PlatformDependent0 - java.nio.Buffer.address: available
16:04:12.308 [main] DEBUG io.netty.util.internal.PlatformDependent0 - direct buffer constructor: unavailable: Reflective setAccessible(true) disabled
16:04:12.310 [main] DEBUG io.netty.util.internal.PlatformDependent0 - java.nio.Bits.unaligned: available, true
16:04:12.312 [main] DEBUG io.netty.util.internal.PlatformDependent0 - jdk.internal.misc.Unsafe.allocateUninitializedArray(int): unavailable: class io.netty.util.internal.PlatformDependent0$6 cannot access class jdk.internal.misc.Unsafe (in module java.base) because module java.base does not export jdk.internal.misc to unnamed module @263f04ca
16:04:12.316 [main] DEBUG io.netty.util.internal.PlatformDependent0 - java.nio.DirectByteBuffer.<init>(long, int): unavailable
16:04:12.316 [main] DEBUG io.netty.util.internal.PlatformDependent - sun.misc.Unsafe: available
16:04:12.332 [main] DEBUG io.netty.util.internal.PlatformDependent - maxDirectMemory: 1052770304 bytes (maybe)
16:04:12.332 [main] DEBUG io.netty.util.internal.PlatformDependent - -Dio.netty.tmpdir: C:\Users\Acer\AppData\Local\Temp (java.io.tmpdir)
16:04:12.333 [main] DEBUG io.netty.util.internal.PlatformDependent - -Dio.netty.bitMode: 64 (sun.arch.data.model)
16:04:12.333 [main] DEBUG io.netty.util.internal.PlatformDependent - Platform: Windows
16:04:12.334 [main] DEBUG io.netty.util.internal.PlatformDependent - -Dio.netty.maxDirectMemory: -1 bytes
16:04:12.334 [main] DEBUG io.netty.util.internal.PlatformDependent - -Dio.netty.uninitializedArrayAllocationThreshold: -1
16:04:12.337 [main] DEBUG io.netty.util.internal.CleanerJava9 - java.nio.ByteBuffer.cleaner(): available
16:04:12.337 [main] DEBUG io.netty.util.internal.PlatformDependent - -Dio.netty.noPreferDirect: false
16:04:12.351 [main] DEBUG io.netty.util.internal.PlatformDependent - org.jctools-core.MpscChunkedArrayQueue: available
16:04:12.582 [main] DEBUG io.netty.util.internal.InternalThreadLocalMap - -Dio.netty.threadLocalMap.stringBuilder.initialSize: 1024
16:04:12.582 [main] DEBUG io.netty.util.internal.InternalThreadLocalMap - -Dio.netty.threadLocalMap.stringBuilder.maxSize: 4096
16:04:12.812 [main] DEBUG io.netty.handler.ssl.JdkSslContext - Default protocols (JDK): [TLSv1.3, TLSv1.2] 
16:04:12.812 [main] DEBUG io.netty.handler.ssl.JdkSslContext - Default cipher suites (JDK): [TLS_ECDHE_ECDSA_WITH_AES_256_GCM_SHA384, TLS_ECDHE_ECDSA_WITH_AES_128_GCM_SHA256, TLS_ECDHE_RSA_WITH_AES_128_GCM_SHA256, TLS_ECDHE_RSA_WITH_AES_256_GCM_SHA384, TLS_ECDHE_RSA_WITH_AES_128_CBC_SHA, TLS_ECDHE_RSA_WITH_AES_256_CBC_SHA, TLS_RSA_WITH_AES_128_GCM_SHA256, TLS_RSA_WITH_AES_128_CBC_SHA, TLS_RSA_WITH_AES_256_CBC_SHA, TLS_AES_128_GCM_SHA256, TLS_AES_256_GCM_SHA384]
16:04:12.902 [main] DEBUG io.netty.channel.MultithreadEventLoopGroup - -Dio.netty.eventLoopThreads: 8
16:04:12.960 [main] DEBUG io.netty.channel.nio.NioEventLoop - -Dio.netty.noKeySetOptimization: false
16:04:12.960 [main] DEBUG io.netty.channel.nio.NioEventLoop - -Dio.netty.selectorAutoRebuildThreshold: 512
16:04:13.514 [main] DEBUG io.netty.buffer.PooledByteBufAllocator - -Dio.netty.allocator.numHeapArenas: 8
16:04:13.514 [main] DEBUG io.netty.buffer.PooledByteBufAllocator - -Dio.netty.allocator.numDirectArenas: 8
16:04:13.514 [main] DEBUG io.netty.buffer.PooledByteBufAllocator - -Dio.netty.allocator.pageSize: 8192
16:04:13.514 [main] DEBUG io.netty.buffer.PooledByteBufAllocator - -Dio.netty.allocator.maxOrder: 11
16:04:13.515 [main] DEBUG io.netty.buffer.PooledByteBufAllocator - -Dio.netty.allocator.chunkSize: 16777216
16:04:13.515 [main] DEBUG io.netty.buffer.PooledByteBufAllocator - -Dio.netty.allocator.smallCacheSize: 256
16:04:13.515 [main] DEBUG io.netty.buffer.PooledByteBufAllocator - -Dio.netty.allocator.normalCacheSize: 64
16:04:13.515 [main] DEBUG io.netty.buffer.PooledByteBufAllocator - -Dio.netty.allocator.maxCachedBufferCapacity: 32768
16:04:13.515 [main] DEBUG io.netty.buffer.PooledByteBufAllocator - -Dio.netty.allocator.cacheTrimInterval: 8192
16:04:13.515 [main] DEBUG io.netty.buffer.PooledByteBufAllocator - -Dio.netty.allocator.cacheTrimIntervalMillis: 0
16:04:13.515 [main] DEBUG io.netty.buffer.PooledByteBufAllocator - -Dio.netty.allocator.useCacheForAllThreads: true
16:04:13.515 [main] DEBUG io.netty.buffer.PooledByteBufAllocator - -Dio.netty.allocator.maxCachedByteBuffersPerChunk: 1023
16:04:13.597 [main] DEBUG io.netty.buffer.ByteBufUtil - -Dio.netty.allocator.type: pooled
16:04:13.597 [main] DEBUG io.netty.buffer.ByteBufUtil - -Dio.netty.threadLocalDirectBufferSize: 0
16:04:13.597 [main] DEBUG io.netty.buffer.ByteBufUtil - -Dio.netty.maxThreadLocalCharBufferSize: 16384
16:04:14.175 [main] DEBUG net.serenitybdd.core.webdriver.driverproviders.ProvideNewDriver - Instantiating driver
16:04:14.175 [main] DEBUG net.serenitybdd.core.webdriver.driverproviders.ProvideNewDriver - Driver capabilities: Capabilities {acceptInsecureCerts: false, base.url: https://www.saucedemo.com/, browserName: chrome, chrome.driver: src/test/resources/webdrive..., driver: chrome, goog:chromeOptions: {args: [], extensions: []}}
16:04:18.251 [Forwarding newSession on session null to remote] DEBUG io.netty.channel.DefaultChannelId - -Dio.netty.processId: 11596 (auto-detected)
16:04:18.270 [Forwarding newSession on session null to remote] DEBUG io.netty.util.NetUtil - -Djava.net.preferIPv4Stack: false
16:04:18.270 [Forwarding newSession on session null to remote] DEBUG io.netty.util.NetUtil - -Djava.net.preferIPv6Addresses: false
16:04:18.864 [Forwarding newSession on session null to remote] DEBUG io.netty.util.NetUtilInitializations - Loopback interface: lo (Software Loopback Interface 1, 127.0.0.1)
16:04:18.867 [Forwarding newSession on session null to remote] DEBUG io.netty.util.NetUtil - Failed to get SOMAXCONN from sysctl and file \proc\sys\net\core\somaxconn. Default: 200
16:04:19.333 [Forwarding newSession on session null to remote] DEBUG io.netty.channel.DefaultChannelId - -Dio.netty.machineId: 48:f1:7f:ff:fe:f8:7e:7e (auto-detected)
16:04:19.581 [AsyncHttpClient-1-2] DEBUG io.netty.buffer.AbstractByteBuf - -Dio.netty.buffer.checkAccessible: true
16:04:19.583 [AsyncHttpClient-1-2] DEBUG io.netty.buffer.AbstractByteBuf - -Dio.netty.buffer.checkBounds: true
16:04:19.583 [AsyncHttpClient-1-2] DEBUG io.netty.util.ResourceLeakDetectorFactory - Loaded default ResourceLeakDetector: io.netty.util.ResourceLeakDetector@25f37635
16:04:19.627 [AsyncHttpClient-1-2] DEBUG org.asynchttpclient.netty.channel.NettyConnectListener - Using new Channel '[id: 0xc746cd8e, L:/127.0.0.1:59175 - R:localhost/127.0.0.1:50195]' for 'POST' to '/session'
16:04:19.711 [AsyncHttpClient-1-2] DEBUG io.netty.util.Recycler - -Dio.netty.recycler.maxCapacityPerThread: 4096
16:04:19.711 [AsyncHttpClient-1-2] DEBUG io.netty.util.Recycler - -Dio.netty.recycler.ratio: 8
16:04:19.711 [AsyncHttpClient-1-2] DEBUG io.netty.util.Recycler - -Dio.netty.recycler.chunkSize: 32
16:04:19.711 [AsyncHttpClient-1-2] DEBUG io.netty.util.Recycler - -Dio.netty.recycler.blocking: false
16:05:36.120 [AsyncHttpClient-1-2] DEBUG io.netty.handler.codec.compression.Brotli - brotli4j not in the classpath; Brotli support will be unavailable.
16:05:36.121 [AsyncHttpClient-1-2] DEBUG org.asynchttpclient.netty.handler.HttpHandler - 

Request DefaultHttpRequest(decodeResult: success, version: HTTP/1.1)
POST /session HTTP/1.1
User-Agent: selenium/4.1.2 (java windows)
Content-Length: 612
Content-Type: application/json; charset=utf-8
host: localhost:50195
accept: */*

Response DefaultHttpResponse(decodeResult: success, version: HTTP/1.1)
HTTP/1.1 200 OK
Content-Type: application/json; charset=utf-8
cache-control: no-cache
content-length: 789

16:05:36.281 [AsyncHttpClient-1-2] DEBUG org.asynchttpclient.netty.channel.ChannelManager - Adding key: http://localhost:50195 for channel [id: 0xc746cd8e, L:/127.0.0.1:59175 - R:localhost/127.0.0.1:50195]
16:05:36.365 [AsyncHttpClient-1-1] DEBUG org.asynchttpclient.netty.channel.DefaultChannelPool - Entry count for : http://localhost:50195 : 1
16:05:37.435 [AsyncHttpClient-1-3] DEBUG org.asynchttpclient.netty.channel.NettyConnectListener - Using new Channel '[id: 0x50722c62, L:/127.0.0.1:59187 - R:localhost/127.0.0.1:59177]' for 'GET' to '/json/version'
16:05:37.452 [AsyncHttpClient-1-3] DEBUG org.asynchttpclient.netty.handler.HttpHandler - 

Request DefaultFullHttpRequest(decodeResult: success, version: HTTP/1.1, content: EmptyByteBufBE)
GET /json/version HTTP/1.1
User-Agent: selenium/4.1.2 (java windows)
host: localhost:59177
accept: */*

Response DefaultHttpResponse(decodeResult: success, version: HTTP/1.1)
HTTP/1.1 200 OK
Content-Type: application/json; charset=UTF-8
content-length: 424

16:05:37.453 [AsyncHttpClient-1-3] DEBUG org.asynchttpclient.netty.channel.ChannelManager - Adding key: http://localhost:59177 for channel [id: 0x50722c62, L:/127.0.0.1:59187 - R:localhost/127.0.0.1:59177]
16:05:37.466 [AsyncHttpClient-1-1] DEBUG org.asynchttpclient.netty.channel.DefaultChannelPool - Entry count for : http://localhost:59177 : 1
16:05:37.466 [AsyncHttpClient-1-1] DEBUG org.asynchttpclient.netty.channel.DefaultChannelPool - Entry count for : http://localhost:50195 : 1
16:05:37.569 [main] DEBUG io.netty.util.internal.ThreadLocalRandom - -Dio.netty.initialSeedUniquifier: 0x2a1af0ab9d379242
16:05:37.585 [AsyncHttpClient-1-4] DEBUG org.asynchttpclient.netty.channel.NettyConnectListener - Using new Channel '[id: 0x472722b1, L:/127.0.0.1:59188 - R:localhost/127.0.0.1:59177]' for 'GET' to '/devtools/browser/86426fd4-3890-4c89-83ed-331b4505e405'
16:05:37.604 [AsyncHttpClient-1-4] DEBUG org.asynchttpclient.netty.handler.WebSocketHandler - 

Request DefaultFullHttpRequest(decodeResult: success, version: HTTP/1.1, content: EmptyByteBufBE)
GET /devtools/browser/86426fd4-3890-4c89-83ed-331b4505e405 HTTP/1.1
upgrade: websocket
connection: upgrade
sec-websocket-key: 2ECpX9Q6xaf2yzn/V3d+NQ==
sec-websocket-version: 13
origin: http://localhost:59177
host: localhost:59177
accept: */*
user-agent: AHC/2.1

Response DefaultHttpResponse(decodeResult: success, version: HTTP/1.1)
HTTP/1.1 101 WebSocket Protocol Handshake
Upgrade: WebSocket
Connection: Upgrade
Sec-WebSocket-Accept: l5dYkor24CqhYama31DYP/x5GSQ=

16:05:38.570 [AsyncHttpClient-1-1] DEBUG org.asynchttpclient.netty.channel.DefaultChannelPool - Entry count for : http://localhost:59177 : 1
16:05:38.570 [AsyncHttpClient-1-1] DEBUG org.asynchttpclient.netty.channel.DefaultChannelPool - Entry count for : http://localhost:50195 : 1
16:05:39.665 [AsyncHttpClient-1-1] DEBUG org.asynchttpclient.netty.channel.DefaultChannelPool - Entry count for : http://localhost:59177 : 1
16:05:39.665 [AsyncHttpClient-1-1] DEBUG org.asynchttpclient.netty.channel.DefaultChannelPool - Entry count for : http://localhost:50195 : 1
16:05:40.765 [AsyncHttpClient-1-1] DEBUG org.asynchttpclient.netty.channel.DefaultChannelPool - Entry count for : http://localhost:59177 : 1
16:05:40.765 [AsyncHttpClient-1-1] DEBUG org.asynchttpclient.netty.channel.DefaultChannelPool - Entry count for : http://localhost:50195 : 1
16:05:41.865 [AsyncHttpClient-1-1] DEBUG org.asynchttpclient.netty.channel.DefaultChannelPool - Entry count for : http://localhost:59177 : 1
16:05:41.865 [AsyncHttpClient-1-1] DEBUG org.asynchttpclient.netty.channel.DefaultChannelPool - Entry count for : http://localhost:50195 : 1
16:05:42.885 [main] DEBUG net.thucydides.core.reflection.ClassFinder - Could not load class .CucumberTestSuite
16:05:42.886 [main] DEBUG net.thucydides.core.reflection.ClassFinder - Could not load class .starter.pages.CartPage
16:05:42.886 [main] DEBUG net.thucydides.core.reflection.ClassFinder - Could not load class .starter.pages.LoginPage
16:05:42.886 [main] DEBUG net.thucydides.core.reflection.ClassFinder - Could not load class .starter.stepdefinitions.LoginStep
16:05:42.888 [main] DEBUG net.thucydides.core.reflection.ClassFinder - Could not load class META-INF.versions.9.com.sun.istack.logging.StackHelper
16:05:42.889 [main] DEBUG net.thucydides.core.reflection.ClassFinder - Could not load class META-INF.versions.9.com.sun.xml.bind.v2.runtime.reflect.opt.AccessorInjector
16:05:42.890 [main] DEBUG net.thucydides.core.reflection.ClassFinder - Could not load class META-INF.versions.9.com.sun.xml.bind.v2.runtime.reflect.opt.Injector
16:05:42.891 [main] DEBUG net.thucydides.core.reflection.ClassFinder - Could not load class META-INF.versions.9.com.sun.xml.bind.v2.runtime.reflect.opt.OptimizedAccessorFactory
16:05:42.892 [main] DEBUG net.thucydides.core.reflection.ClassFinder - Could not load class META-INF.versions.9.com.sun.xml.bind.v2.runtime.reflect.opt.OptimizedTransducedAccessorFactory
16:05:42.893 [main] DEBUG net.thucydides.core.reflection.ClassFinder - Could not load class META-INF.versions.9.io.opentelemetry.sdk.internal.CurrentJavaVersionSpecific
16:05:42.894 [main] DEBUG net.thucydides.core.reflection.ClassFinder - Could not load class META-INF.versions.9.io.opentelemetry.sdk.internal.Java9VersionSpecific
16:05:42.895 [main] DEBUG net.thucydides.core.reflection.ClassFinder - Could not load class META-INF.versions.9.javax.xml.bind.ModuleUtil
16:05:42.896 [main] DEBUG net.thucydides.core.reflection.ClassFinder - Could not load class META-INF.versions.9.module-info
16:05:42.898 [main] DEBUG net.thucydides.core.reflection.ClassFinder - Could not load class META-INF.versions.9.org.junit.platform.commons.util.ModuleUtils
16:05:42.901 [main] DEBUG net.thucydides.core.reflection.ClassFinder - Could not load class com.google.gson.internal.
16:05:42.904 [main] DEBUG net.thucydides.core.reflection.ClassFinder - Could not load class com.sun.xml.bind.v2.runtime.output.FastInfosetStreamWriterOutput
16:05:42.911 [main] DEBUG net.thucydides.core.reflection.ClassFinder - Could not load class module-info
16:05:42.970 [AsyncHttpClient-1-1] DEBUG org.asynchttpclient.netty.channel.DefaultChannelPool - Entry count for : http://localhost:59177 : 1
16:05:42.970 [AsyncHttpClient-1-1] DEBUG org.asynchttpclient.netty.channel.DefaultChannelPool - Entry count for : http://localhost:50195 : 1
16:05:43.002 [Forwarding get on session 3b518f49b5e6673197a6385c9b91043b to remote] DEBUG org.asynchttpclient.netty.request.NettyRequestSender - Using pooled Channel '[id: 0xc746cd8e, L:/127.0.0.1:59175 - R:localhost/127.0.0.1:50195]' for 'POST' to 'http://localhost:50195/session/3b518f49b5e6673197a6385c9b91043b/url'
16:05:43.003 [Forwarding get on session 3b518f49b5e6673197a6385c9b91043b to remote] DEBUG org.asynchttpclient.netty.request.NettyRequestSender - Using open Channel [id: 0xc746cd8e, L:/127.0.0.1:59175 - R:localhost/127.0.0.1:50195] for POST '/session/3b518f49b5e6673197a6385c9b91043b/url'
16:05:44.072 [AsyncHttpClient-1-1] DEBUG org.asynchttpclient.netty.channel.DefaultChannelPool - Entry count for : http://localhost:59177 : 1
16:05:45.165 [AsyncHttpClient-1-1] DEBUG org.asynchttpclient.netty.channel.DefaultChannelPool - Entry count for : http://localhost:59177 : 1
16:05:46.267 [AsyncHttpClient-1-1] DEBUG org.asynchttpclient.netty.channel.DefaultChannelPool - Entry count for : http://localhost:59177 : 1
16:05:47.369 [AsyncHttpClient-1-1] DEBUG org.asynchttpclient.netty.channel.DefaultChannelPool - Entry count for : http://localhost:59177 : 1
16:05:48.471 [AsyncHttpClient-1-1] DEBUG org.asynchttpclient.netty.channel.DefaultChannelPool - Entry count for : http://localhost:59177 : 1
16:05:49.566 [AsyncHttpClient-1-1] DEBUG org.asynchttpclient.netty.channel.DefaultChannelPool - Entry count for : http://localhost:59177 : 1
16:05:50.664 [AsyncHttpClient-1-1] DEBUG org.asynchttpclient.netty.channel.DefaultChannelPool - Entry count for : http://localhost:59177 : 1
16:05:51.769 [AsyncHttpClient-1-1] DEBUG org.asynchttpclient.netty.channel.DefaultChannelPool - Entry count for : http://localhost:59177 : 1
16:05:52.872 [AsyncHttpClient-1-1] DEBUG org.asynchttpclient.netty.channel.DefaultChannelPool - Entry count for : http://localhost:59177 : 1
16:05:53.971 [AsyncHttpClient-1-1] DEBUG org.asynchttpclient.netty.channel.DefaultChannelPool - Entry count for : http://localhost:59177 : 1
16:05:55.073 [AsyncHttpClient-1-1] DEBUG org.asynchttpclient.netty.channel.DefaultChannelPool - Entry count for : http://localhost:59177 : 1
16:05:56.165 [AsyncHttpClient-1-1] DEBUG org.asynchttpclient.netty.channel.DefaultChannelPool - Entry count for : http://localhost:59177 : 1
16:05:56.995 [AsyncHttpClient-1-2] DEBUG org.asynchttpclient.netty.handler.HttpHandler - 

Request DefaultHttpRequest(decodeResult: success, version: HTTP/1.1)
POST /session/3b518f49b5e6673197a6385c9b91043b/url HTTP/1.1
User-Agent: selenium/4.1.2 (java windows)
Content-Length: 56
Content-Type: application/json; charset=utf-8
host: localhost:50195
accept: */*

Response DefaultHttpResponse(decodeResult: success, version: HTTP/1.1)
HTTP/1.1 200 OK
Content-Type: application/json; charset=utf-8
cache-control: no-cache
content-length: 14

16:05:56.998 [AsyncHttpClient-1-2] DEBUG org.asynchttpclient.netty.channel.ChannelManager - Adding key: http://localhost:50195 for channel [id: 0xc746cd8e, L:/127.0.0.1:59175 - R:localhost/127.0.0.1:50195]
16:05:57.011 [Forwarding setTimeout on session 3b518f49b5e6673197a6385c9b91043b to remote] DEBUG org.asynchttpclient.netty.request.NettyRequestSender - Using pooled Channel '[id: 0xc746cd8e, L:/127.0.0.1:59175 - R:localhost/127.0.0.1:50195]' for 'POST' to 'http://localhost:50195/session/3b518f49b5e6673197a6385c9b91043b/timeouts'
16:05:57.011 [Forwarding setTimeout on session 3b518f49b5e6673197a6385c9b91043b to remote] DEBUG org.asynchttpclient.netty.request.NettyRequestSender - Using open Channel [id: 0xc746cd8e, L:/127.0.0.1:59175 - R:localhost/127.0.0.1:50195] for POST '/session/3b518f49b5e6673197a6385c9b91043b/timeouts'
16:05:57.064 [AsyncHttpClient-1-2] DEBUG org.asynchttpclient.netty.handler.HttpHandler - 

Request DefaultHttpRequest(decodeResult: success, version: HTTP/1.1)
POST /session/3b518f49b5e6673197a6385c9b91043b/timeouts HTTP/1.1
User-Agent: selenium/4.1.2 (java windows)
Content-Length: 22
Content-Type: application/json; charset=utf-8
host: localhost:50195
accept: */*

Response DefaultHttpResponse(decodeResult: success, version: HTTP/1.1)
HTTP/1.1 200 OK
Content-Type: application/json; charset=utf-8
cache-control: no-cache
content-length: 14

16:05:57.064 [AsyncHttpClient-1-2] DEBUG org.asynchttpclient.netty.channel.ChannelManager - Adding key: http://localhost:50195 for channel [id: 0xc746cd8e, L:/127.0.0.1:59175 - R:localhost/127.0.0.1:50195]
16:05:57.265 [AsyncHttpClient-1-1] DEBUG org.asynchttpclient.netty.channel.DefaultChannelPool - Entry count for : http://localhost:59177 : 1
16:05:57.265 [AsyncHttpClient-1-1] DEBUG org.asynchttpclient.netty.channel.DefaultChannelPool - Entry count for : http://localhost:50195 : 1
16:05:57.408 [Forwarding getCurrentUrl on session 3b518f49b5e6673197a6385c9b91043b to remote] DEBUG org.asynchttpclient.netty.request.NettyRequestSender - Using pooled Channel '[id: 0xc746cd8e, L:/127.0.0.1:59175 - R:localhost/127.0.0.1:50195]' for 'GET' to 'http://localhost:50195/session/3b518f49b5e6673197a6385c9b91043b/url'
16:05:57.408 [Forwarding getCurrentUrl on session 3b518f49b5e6673197a6385c9b91043b to remote] DEBUG org.asynchttpclient.netty.request.NettyRequestSender - Using open Channel [id: 0xc746cd8e, L:/127.0.0.1:59175 - R:localhost/127.0.0.1:50195] for GET '/session/3b518f49b5e6673197a6385c9b91043b/url'
16:05:58.370 [AsyncHttpClient-1-1] DEBUG org.asynchttpclient.netty.channel.DefaultChannelPool - Entry count for : http://localhost:59177 : 1
16:05:58.740 [AsyncHttpClient-1-2] DEBUG org.asynchttpclient.netty.handler.HttpHandler - 

Request DefaultFullHttpRequest(decodeResult: success, version: HTTP/1.1, content: EmptyByteBufBE)
GET /session/3b518f49b5e6673197a6385c9b91043b/url HTTP/1.1
User-Agent: selenium/4.1.2 (java windows)
Cache-Control: no-cache
Content-Type: application/json; charset=utf-8
host: localhost:50195
accept: */*

Response DefaultHttpResponse(decodeResult: success, version: HTTP/1.1)
HTTP/1.1 200 OK
Content-Type: application/json; charset=utf-8
cache-control: no-cache
content-length: 38

16:05:58.743 [AsyncHttpClient-1-2] DEBUG org.asynchttpclient.netty.channel.ChannelManager - Adding key: http://localhost:50195 for channel [id: 0xc746cd8e, L:/127.0.0.1:59175 - R:localhost/127.0.0.1:50195]
  &amp#27;[32mGiven &amp#27;[0m&amp#27;[32mI am on the login page&amp#27;[0m      &amp#27;[90m# starter.stepdefinitions.LoginStep.iAmOnTheLoginPage()&amp#27;[0m
16:05:58.983 [main] DEBUG net.serenitybdd.core.photography.Darkroom - Opening darkroom
16:05:58.983 [Darkroom Processing Line] DEBUG net.serenitybdd.core.photography.DarkroomProcessingLine - Darkroom processing line starting up
16:05:58.985 [Forwarding screenshot on session 3b518f49b5e6673197a6385c9b91043b to remote] DEBUG org.asynchttpclient.netty.request.NettyRequestSender - Using pooled Channel '[id: 0xc746cd8e, L:/127.0.0.1:59175 - R:localhost/127.0.0.1:50195]' for 'GET' to 'http://localhost:50195/session/3b518f49b5e6673197a6385c9b91043b/screenshot'
16:05:58.986 [Forwarding screenshot on session 3b518f49b5e6673197a6385c9b91043b to remote] DEBUG org.asynchttpclient.netty.request.NettyRequestSender - Using open Channel [id: 0xc746cd8e, L:/127.0.0.1:59175 - R:localhost/127.0.0.1:50195] for GET '/session/3b518f49b5e6673197a6385c9b91043b/screenshot'
16:05:59.465 [AsyncHttpClient-1-1] DEBUG org.asynchttpclient.netty.channel.DefaultChannelPool - Entry count for : http://localhost:59177 : 1
16:06:00.566 [AsyncHttpClient-1-1] DEBUG org.asynchttpclient.netty.channel.DefaultChannelPool - Entry count for : http://localhost:59177 : 1
16:06:00.796 [AsyncHttpClient-1-2] DEBUG org.asynchttpclient.netty.handler.HttpHandler - 

Request DefaultFullHttpRequest(decodeResult: success, version: HTTP/1.1, content: EmptyByteBufBE)
GET /session/3b518f49b5e6673197a6385c9b91043b/screenshot HTTP/1.1
User-Agent: selenium/4.1.2 (java windows)
Cache-Control: no-cache
Content-Type: application/json; charset=utf-8
host: localhost:50195
accept: */*

Response DefaultHttpResponse(decodeResult: success, version: HTTP/1.1)
HTTP/1.1 200 OK
Content-Type: application/json; charset=utf-8
cache-control: no-cache
content-length: 59732

16:06:00.797 [AsyncHttpClient-1-2] DEBUG org.asynchttpclient.netty.channel.ChannelManager - Adding key: http://localhost:50195 for channel [id: 0xc746cd8e, L:/127.0.0.1:59175 - R:localhost/127.0.0.1:50195]
16:06:01.665 [AsyncHttpClient-1-1] DEBUG org.asynchttpclient.netty.channel.DefaultChannelPool - Entry count for : http://localhost:59177 : 1
16:06:01.665 [AsyncHttpClient-1-1] DEBUG org.asynchttpclient.netty.channel.DefaultChannelPool - Entry count for : http://localhost:50195 : 1
16:06:02.676 [main] DEBUG net.serenitybdd.core.photography.Darkroom - Send negative for processing for target\site\serenity\5ab51bfe8bb580d9662960f4d13e22d3507c355ecf0e1aba81d4a697e55ff221.png
16:06:02.774 [AsyncHttpClient-1-1] DEBUG org.asynchttpclient.netty.channel.DefaultChannelPool - Entry count for : http://localhost:59177 : 1
16:06:02.774 [AsyncHttpClient-1-1] DEBUG org.asynchttpclient.netty.channel.DefaultChannelPool - Entry count for : http://localhost:50195 : 1
16:06:02.787 [Darkroom Processing Line] DEBUG net.serenitybdd.core.photography.DarkroomProcessingLine - Processing screenshot image in /var/screenshots/screenshot-17845528245741250481
16:06:02.788 [Darkroom Processing Line] DEBUG net.serenitybdd.core.photography.DarkroomProcessingLine - Saving screenshot to target\site\serenity\5ab51bfe8bb580d9662960f4d13e22d3507c355ecf0e1aba81d4a697e55ff221.png
16:06:02.912 [Forwarding screenshot on session 3b518f49b5e6673197a6385c9b91043b to remote] DEBUG org.asynchttpclient.netty.request.NettyRequestSender - Using pooled Channel '[id: 0xc746cd8e, L:/127.0.0.1:59175 - R:localhost/127.0.0.1:50195]' for 'GET' to 'http://localhost:50195/session/3b518f49b5e6673197a6385c9b91043b/screenshot'
16:06:02.912 [Forwarding screenshot on session 3b518f49b5e6673197a6385c9b91043b to remote] DEBUG org.asynchttpclient.netty.request.NettyRequestSender - Using open Channel [id: 0xc746cd8e, L:/127.0.0.1:59175 - R:localhost/127.0.0.1:50195] for GET '/session/3b518f49b5e6673197a6385c9b91043b/screenshot'
16:06:03.726 [AsyncHttpClient-1-2] DEBUG org.asynchttpclient.netty.handler.HttpHandler - 

Request DefaultFullHttpRequest(decodeResult: success, version: HTTP/1.1, content: EmptyByteBufBE)
GET /session/3b518f49b5e6673197a6385c9b91043b/screenshot HTTP/1.1
User-Agent: selenium/4.1.2 (java windows)
Cache-Control: no-cache
Content-Type: application/json; charset=utf-8
host: localhost:50195
accept: */*

Response DefaultHttpResponse(decodeResult: success, version: HTTP/1.1)
HTTP/1.1 200 OK
Content-Type: application/json; charset=utf-8
cache-control: no-cache
content-length: 59732

16:06:03.728 [AsyncHttpClient-1-2] DEBUG org.asynchttpclient.netty.channel.ChannelManager - Adding key: http://localhost:50195 for channel [id: 0xc746cd8e, L:/127.0.0.1:59175 - R:localhost/127.0.0.1:50195]
16:06:03.738 [main] DEBUG net.serenitybdd.core.photography.Darkroom - Send negative for processing for target\site\serenity\5ab51bfe8bb580d9662960f4d13e22d3507c355ecf0e1aba81d4a697e55ff221.png
16:06:03.755 [Forwarding findElement on session 3b518f49b5e6673197a6385c9b91043b to remote] DEBUG org.asynchttpclient.netty.request.NettyRequestSender - Using pooled Channel '[id: 0xc746cd8e, L:/127.0.0.1:59175 - R:localhost/127.0.0.1:50195]' for 'POST' to 'http://localhost:50195/session/3b518f49b5e6673197a6385c9b91043b/element'
16:06:03.757 [Forwarding findElement on session 3b518f49b5e6673197a6385c9b91043b to remote] DEBUG org.asynchttpclient.netty.request.NettyRequestSender - Using open Channel [id: 0xc746cd8e, L:/127.0.0.1:59175 - R:localhost/127.0.0.1:50195] for POST '/session/3b518f49b5e6673197a6385c9b91043b/element'
16:06:03.865 [AsyncHttpClient-1-1] DEBUG org.asynchttpclient.netty.channel.DefaultChannelPool - Entry count for : http://localhost:59177 : 1
16:06:04.474 [AsyncHttpClient-1-2] DEBUG org.asynchttpclient.netty.handler.HttpHandler - 

Request DefaultHttpRequest(decodeResult: success, version: HTTP/1.1)
POST /session/3b518f49b5e6673197a6385c9b91043b/element HTTP/1.1
User-Agent: selenium/4.1.2 (java windows)
Content-Length: 56
Content-Type: application/json; charset=utf-8
host: localhost:50195
accept: */*

Response DefaultHttpResponse(decodeResult: success, version: HTTP/1.1)
HTTP/1.1 200 OK
Content-Type: application/json; charset=utf-8
cache-control: no-cache
content-length: 88

16:06:04.474 [AsyncHttpClient-1-2] DEBUG org.asynchttpclient.netty.channel.ChannelManager - Adding key: http://localhost:50195 for channel [id: 0xc746cd8e, L:/127.0.0.1:59175 - R:localhost/127.0.0.1:50195]
16:06:04.484 [Forwarding clearElement on session 3b518f49b5e6673197a6385c9b91043b to remote] DEBUG org.asynchttpclient.netty.request.NettyRequestSender - Using pooled Channel '[id: 0xc746cd8e, L:/127.0.0.1:59175 - R:localhost/127.0.0.1:50195]' for 'POST' to 'http://localhost:50195/session/3b518f49b5e6673197a6385c9b91043b/element/54163f65-d73a-42dd-af31-23924c0fff65/clear'
16:06:04.486 [Forwarding clearElement on session 3b518f49b5e6673197a6385c9b91043b to remote] DEBUG org.asynchttpclient.netty.request.NettyRequestSender - Using open Channel [id: 0xc746cd8e, L:/127.0.0.1:59175 - R:localhost/127.0.0.1:50195] for POST '/session/3b518f49b5e6673197a6385c9b91043b/element/54163f65-d73a-42dd-af31-23924c0fff65/clear'
16:06:04.970 [AsyncHttpClient-1-1] DEBUG org.asynchttpclient.netty.channel.DefaultChannelPool - Entry count for : http://localhost:59177 : 1
16:06:05.038 [AsyncHttpClient-1-2] DEBUG org.asynchttpclient.netty.handler.HttpHandler - 

Request DefaultHttpRequest(decodeResult: success, version: HTTP/1.1)
POST /session/3b518f49b5e6673197a6385c9b91043b/element/54163f65-d73a-42dd-af31-23924c0fff65/clear HTTP/1.1
User-Agent: selenium/4.1.2 (java windows)
Content-Length: 50
Content-Type: application/json; charset=utf-8
host: localhost:50195
accept: */*

Response DefaultHttpResponse(decodeResult: success, version: HTTP/1.1)
HTTP/1.1 200 OK
Content-Type: application/json; charset=utf-8
cache-control: no-cache
content-length: 14

16:06:05.039 [AsyncHttpClient-1-2] DEBUG org.asynchttpclient.netty.channel.ChannelManager - Adding key: http://localhost:50195 for channel [id: 0xc746cd8e, L:/127.0.0.1:59175 - R:localhost/127.0.0.1:50195]
16:06:05.052 [Forwarding sendKeysToElement on session 3b518f49b5e6673197a6385c9b91043b to remote] DEBUG org.asynchttpclient.netty.request.NettyRequestSender - Using pooled Channel '[id: 0xc746cd8e, L:/127.0.0.1:59175 - R:localhost/127.0.0.1:50195]' for 'POST' to 'http://localhost:50195/session/3b518f49b5e6673197a6385c9b91043b/element/54163f65-d73a-42dd-af31-23924c0fff65/value'
16:06:05.052 [Forwarding sendKeysToElement on session 3b518f49b5e6673197a6385c9b91043b to remote] DEBUG org.asynchttpclient.netty.request.NettyRequestSender - Using open Channel [id: 0xc746cd8e, L:/127.0.0.1:59175 - R:localhost/127.0.0.1:50195] for POST '/session/3b518f49b5e6673197a6385c9b91043b/element/54163f65-d73a-42dd-af31-23924c0fff65/value'
16:06:06.065 [AsyncHttpClient-1-1] DEBUG org.asynchttpclient.netty.channel.DefaultChannelPool - Entry count for : http://localhost:59177 : 1
16:06:07.169 [AsyncHttpClient-1-1] DEBUG org.asynchttpclient.netty.channel.DefaultChannelPool - Entry count for : http://localhost:59177 : 1
16:06:08.265 [AsyncHttpClient-1-1] DEBUG org.asynchttpclient.netty.channel.DefaultChannelPool - Entry count for : http://localhost:59177 : 1
16:06:09.365 [AsyncHttpClient-1-1] DEBUG org.asynchttpclient.netty.channel.DefaultChannelPool - Entry count for : http://localhost:59177 : 1
16:06:10.468 [AsyncHttpClient-1-1] DEBUG org.asynchttpclient.netty.channel.DefaultChannelPool - Entry count for : http://localhost:59177 : 1
16:06:11.341 [AsyncHttpClient-1-2] DEBUG org.asynchttpclient.netty.handler.HttpHandler - 

Request DefaultHttpRequest(decodeResult: success, version: HTTP/1.1)
POST /session/3b518f49b5e6673197a6385c9b91043b/element/54163f65-d73a-42dd-af31-23924c0fff65/value HTTP/1.1
User-Agent: selenium/4.1.2 (java windows)
Content-Length: 231
Content-Type: application/json; charset=utf-8
host: localhost:50195
accept: */*

Response DefaultHttpResponse(decodeResult: success, version: HTTP/1.1)
HTTP/1.1 200 OK
Content-Type: application/json; charset=utf-8
cache-control: no-cache
content-length: 14

16:06:11.342 [AsyncHttpClient-1-2] DEBUG org.asynchttpclient.netty.channel.ChannelManager - Adding key: http://localhost:50195 for channel [id: 0xc746cd8e, L:/127.0.0.1:59175 - R:localhost/127.0.0.1:50195]
  &amp#27;[32mWhen &amp#27;[0m&amp#27;[32mI input locked username&amp#27;[0m      &amp#27;[90m# starter.stepdefinitions.LoginStep.iInputLockedUsername()&amp#27;[0m
16:06:11.365 [Forwarding screenshot on session 3b518f49b5e6673197a6385c9b91043b to remote] DEBUG org.asynchttpclient.netty.request.NettyRequestSender - Using pooled Channel '[id: 0xc746cd8e, L:/127.0.0.1:59175 - R:localhost/127.0.0.1:50195]' for 'GET' to 'http://localhost:50195/session/3b518f49b5e6673197a6385c9b91043b/screenshot'
16:06:11.365 [Forwarding screenshot on session 3b518f49b5e6673197a6385c9b91043b to remote] DEBUG org.asynchttpclient.netty.request.NettyRequestSender - Using open Channel [id: 0xc746cd8e, L:/127.0.0.1:59175 - R:localhost/127.0.0.1:50195] for GET '/session/3b518f49b5e6673197a6385c9b91043b/screenshot'
16:06:11.570 [AsyncHttpClient-1-1] DEBUG org.asynchttpclient.netty.channel.DefaultChannelPool - Entry count for : http://localhost:59177 : 1
16:06:12.665 [AsyncHttpClient-1-1] DEBUG org.asynchttpclient.netty.channel.DefaultChannelPool - Entry count for : http://localhost:59177 : 1
16:06:13.766 [AsyncHttpClient-1-1] DEBUG org.asynchttpclient.netty.channel.DefaultChannelPool - Entry count for : http://localhost:59177 : 1
16:06:14.684 [AsyncHttpClient-1-2] DEBUG org.asynchttpclient.netty.handler.HttpHandler - 

Request DefaultFullHttpRequest(decodeResult: success, version: HTTP/1.1, content: EmptyByteBufBE)
GET /session/3b518f49b5e6673197a6385c9b91043b/screenshot HTTP/1.1
User-Agent: selenium/4.1.2 (java windows)
Cache-Control: no-cache
Content-Type: application/json; charset=utf-8
host: localhost:50195
accept: */*

Response DefaultHttpResponse(decodeResult: success, version: HTTP/1.1)
HTTP/1.1 200 OK
Content-Type: application/json; charset=utf-8
cache-control: no-cache
content-length: 61168

16:06:14.686 [AsyncHttpClient-1-2] DEBUG org.asynchttpclient.netty.channel.ChannelManager - Adding key: http://localhost:50195 for channel [id: 0xc746cd8e, L:/127.0.0.1:59175 - R:localhost/127.0.0.1:50195]
16:06:14.697 [main] DEBUG net.serenitybdd.core.photography.Darkroom - Send negative for processing for target\site\serenity\bad8bdc46f4efc8817f5ccaa1a05c6213bf96c748164ee769c0d54e1660a467f.png
16:06:14.697 [Darkroom Processing Line] DEBUG net.serenitybdd.core.photography.DarkroomProcessingLine - Processing screenshot image in /var/screenshots/screenshot-17952455140292304588
16:06:14.697 [Darkroom Processing Line] DEBUG net.serenitybdd.core.photography.DarkroomProcessingLine - Saving screenshot to target\site\serenity\bad8bdc46f4efc8817f5ccaa1a05c6213bf96c748164ee769c0d54e1660a467f.png
16:06:14.720 [Forwarding findElement on session 3b518f49b5e6673197a6385c9b91043b to remote] DEBUG org.asynchttpclient.netty.request.NettyRequestSender - Using pooled Channel '[id: 0xc746cd8e, L:/127.0.0.1:59175 - R:localhost/127.0.0.1:50195]' for 'POST' to 'http://localhost:50195/session/3b518f49b5e6673197a6385c9b91043b/element'
16:06:14.721 [Forwarding findElement on session 3b518f49b5e6673197a6385c9b91043b to remote] DEBUG org.asynchttpclient.netty.request.NettyRequestSender - Using open Channel [id: 0xc746cd8e, L:/127.0.0.1:59175 - R:localhost/127.0.0.1:50195] for POST '/session/3b518f49b5e6673197a6385c9b91043b/element'
16:06:14.743 [AsyncHttpClient-1-2] DEBUG org.asynchttpclient.netty.handler.HttpHandler - 

Request DefaultHttpRequest(decodeResult: success, version: HTTP/1.1)
POST /session/3b518f49b5e6673197a6385c9b91043b/element HTTP/1.1
User-Agent: selenium/4.1.2 (java windows)
Content-Length: 53
Content-Type: application/json; charset=utf-8
host: localhost:50195
accept: */*

Response DefaultHttpResponse(decodeResult: success, version: HTTP/1.1)
HTTP/1.1 200 OK
Content-Type: application/json; charset=utf-8
cache-control: no-cache
content-length: 88

16:06:14.743 [AsyncHttpClient-1-2] DEBUG org.asynchttpclient.netty.channel.ChannelManager - Adding key: http://localhost:50195 for channel [id: 0xc746cd8e, L:/127.0.0.1:59175 - R:localhost/127.0.0.1:50195]
16:06:14.746 [Forwarding clearElement on session 3b518f49b5e6673197a6385c9b91043b to remote] DEBUG org.asynchttpclient.netty.request.NettyRequestSender - Using pooled Channel '[id: 0xc746cd8e, L:/127.0.0.1:59175 - R:localhost/127.0.0.1:50195]' for 'POST' to 'http://localhost:50195/session/3b518f49b5e6673197a6385c9b91043b/element/8469f4e3-3811-418a-af6f-f48d86b702d9/clear'
16:06:14.746 [Forwarding clearElement on session 3b518f49b5e6673197a6385c9b91043b to remote] DEBUG org.asynchttpclient.netty.request.NettyRequestSender - Using open Channel [id: 0xc746cd8e, L:/127.0.0.1:59175 - R:localhost/127.0.0.1:50195] for POST '/session/3b518f49b5e6673197a6385c9b91043b/element/8469f4e3-3811-418a-af6f-f48d86b702d9/clear'
16:06:14.810 [AsyncHttpClient-1-2] DEBUG org.asynchttpclient.netty.handler.HttpHandler - 

Request DefaultHttpRequest(decodeResult: success, version: HTTP/1.1)
POST /session/3b518f49b5e6673197a6385c9b91043b/element/8469f4e3-3811-418a-af6f-f48d86b702d9/clear HTTP/1.1
User-Agent: selenium/4.1.2 (java windows)
Content-Length: 50
Content-Type: application/json; charset=utf-8
host: localhost:50195
accept: */*

Response DefaultHttpResponse(decodeResult: success, version: HTTP/1.1)
HTTP/1.1 200 OK
Content-Type: application/json; charset=utf-8
cache-control: no-cache
content-length: 14

16:06:14.810 [AsyncHttpClient-1-2] DEBUG org.asynchttpclient.netty.channel.ChannelManager - Adding key: http://localhost:50195 for channel [id: 0xc746cd8e, L:/127.0.0.1:59175 - R:localhost/127.0.0.1:50195]
16:06:14.815 [Forwarding sendKeysToElement on session 3b518f49b5e6673197a6385c9b91043b to remote] DEBUG org.asynchttpclient.netty.request.NettyRequestSender - Using pooled Channel '[id: 0xc746cd8e, L:/127.0.0.1:59175 - R:localhost/127.0.0.1:50195]' for 'POST' to 'http://localhost:50195/session/3b518f49b5e6673197a6385c9b91043b/element/8469f4e3-3811-418a-af6f-f48d86b702d9/value'
16:06:14.815 [Forwarding sendKeysToElement on session 3b518f49b5e6673197a6385c9b91043b to remote] DEBUG org.asynchttpclient.netty.request.NettyRequestSender - Using open Channel [id: 0xc746cd8e, L:/127.0.0.1:59175 - R:localhost/127.0.0.1:50195] for POST '/session/3b518f49b5e6673197a6385c9b91043b/element/8469f4e3-3811-418a-af6f-f48d86b702d9/value'
16:06:14.866 [AsyncHttpClient-1-1] DEBUG org.asynchttpclient.netty.channel.DefaultChannelPool - Entry count for : http://localhost:59177 : 1
16:06:15.972 [AsyncHttpClient-1-1] DEBUG org.asynchttpclient.netty.channel.DefaultChannelPool - Entry count for : http://localhost:59177 : 1
16:06:16.895 [AsyncHttpClient-1-2] DEBUG org.asynchttpclient.netty.handler.HttpHandler - 

Request DefaultHttpRequest(decodeResult: success, version: HTTP/1.1)
POST /session/3b518f49b5e6673197a6385c9b91043b/element/8469f4e3-3811-418a-af6f-f48d86b702d9/value HTTP/1.1
User-Agent: selenium/4.1.2 (java windows)
Content-Length: 201
Content-Type: application/json; charset=utf-8
host: localhost:50195
accept: */*

Response DefaultHttpResponse(decodeResult: success, version: HTTP/1.1)
HTTP/1.1 200 OK
Content-Type: application/json; charset=utf-8
cache-control: no-cache
content-length: 14

16:06:16.896 [AsyncHttpClient-1-2] DEBUG org.asynchttpclient.netty.channel.ChannelManager - Adding key: http://localhost:50195 for channel [id: 0xc746cd8e, L:/127.0.0.1:59175 - R:localhost/127.0.0.1:50195]
  &amp#27;[32mAnd &amp#27;[0m&amp#27;[32mI input valid password&amp#27;[0m        &amp#27;[90m# starter.stepdefinitions.LoginStep.iInputValidPassword()&amp#27;[0m
16:06:16.918 [Forwarding screenshot on session 3b518f49b5e6673197a6385c9b91043b to remote] DEBUG org.asynchttpclient.netty.request.NettyRequestSender - Using pooled Channel '[id: 0xc746cd8e, L:/127.0.0.1:59175 - R:localhost/127.0.0.1:50195]' for 'GET' to 'http://localhost:50195/session/3b518f49b5e6673197a6385c9b91043b/screenshot'
16:06:16.918 [Forwarding screenshot on session 3b518f49b5e6673197a6385c9b91043b to remote] DEBUG org.asynchttpclient.netty.request.NettyRequestSender - Using open Channel [id: 0xc746cd8e, L:/127.0.0.1:59175 - R:localhost/127.0.0.1:50195] for GET '/session/3b518f49b5e6673197a6385c9b91043b/screenshot'
16:06:17.026 [AsyncHttpClient-1-2] DEBUG org.asynchttpclient.netty.handler.HttpHandler - 

Request DefaultFullHttpRequest(decodeResult: success, version: HTTP/1.1, content: EmptyByteBufBE)
GET /session/3b518f49b5e6673197a6385c9b91043b/screenshot HTTP/1.1
User-Agent: selenium/4.1.2 (java windows)
Cache-Control: no-cache
Content-Type: application/json; charset=utf-8
host: localhost:50195
accept: */*

Response DefaultHttpResponse(decodeResult: success, version: HTTP/1.1)
HTTP/1.1 200 OK
Content-Type: application/json; charset=utf-8
cache-control: no-cache
content-length: 59572

16:06:17.028 [AsyncHttpClient-1-2] DEBUG org.asynchttpclient.netty.channel.ChannelManager - Adding key: http://localhost:50195 for channel [id: 0xc746cd8e, L:/127.0.0.1:59175 - R:localhost/127.0.0.1:50195]
16:06:17.037 [main] DEBUG net.serenitybdd.core.photography.Darkroom - Send negative for processing for target\site\serenity\706abaf0ca352ffc2d58037617c3cbfcc253e9c18d4ddd0048626f2f03b585d8.png
16:06:17.038 [Darkroom Processing Line] DEBUG net.serenitybdd.core.photography.DarkroomProcessingLine - Processing screenshot image in /var/screenshots/screenshot-458809178524105950
16:06:17.038 [Darkroom Processing Line] DEBUG net.serenitybdd.core.photography.DarkroomProcessingLine - Saving screenshot to target\site\serenity\706abaf0ca352ffc2d58037617c3cbfcc253e9c18d4ddd0048626f2f03b585d8.png
16:06:17.065 [Forwarding findElement on session 3b518f49b5e6673197a6385c9b91043b to remote] DEBUG org.asynchttpclient.netty.request.NettyRequestSender - Using pooled Channel '[id: 0xc746cd8e, L:/127.0.0.1:59175 - R:localhost/127.0.0.1:50195]' for 'POST' to 'http://localhost:50195/session/3b518f49b5e6673197a6385c9b91043b/element'
16:06:17.066 [Forwarding findElement on session 3b518f49b5e6673197a6385c9b91043b to remote] DEBUG org.asynchttpclient.netty.request.NettyRequestSender - Using open Channel [id: 0xc746cd8e, L:/127.0.0.1:59175 - R:localhost/127.0.0.1:50195] for POST '/session/3b518f49b5e6673197a6385c9b91043b/element'
16:06:17.066 [AsyncHttpClient-1-1] DEBUG org.asynchttpclient.netty.channel.DefaultChannelPool - Entry count for : http://localhost:59177 : 1
16:06:17.089 [AsyncHttpClient-1-2] DEBUG org.asynchttpclient.netty.handler.HttpHandler - 

Request DefaultHttpRequest(decodeResult: success, version: HTTP/1.1)
POST /session/3b518f49b5e6673197a6385c9b91043b/element HTTP/1.1
User-Agent: selenium/4.1.2 (java windows)
Content-Length: 59
Content-Type: application/json; charset=utf-8
host: localhost:50195
accept: */*

Response DefaultHttpResponse(decodeResult: success, version: HTTP/1.1)
HTTP/1.1 200 OK
Content-Type: application/json; charset=utf-8
cache-control: no-cache
content-length: 88

16:06:17.090 [AsyncHttpClient-1-2] DEBUG org.asynchttpclient.netty.channel.ChannelManager - Adding key: http://localhost:50195 for channel [id: 0xc746cd8e, L:/127.0.0.1:59175 - R:localhost/127.0.0.1:50195]
16:06:17.095 [Forwarding getElementTagName on session 3b518f49b5e6673197a6385c9b91043b to remote] DEBUG org.asynchttpclient.netty.request.NettyRequestSender - Using pooled Channel '[id: 0xc746cd8e, L:/127.0.0.1:59175 - R:localhost/127.0.0.1:50195]' for 'GET' to 'http://localhost:50195/session/3b518f49b5e6673197a6385c9b91043b/element/33e81865-a341-4199-be15-512717d7bb9e/name'
16:06:17.095 [Forwarding getElementTagName on session 3b518f49b5e6673197a6385c9b91043b to remote] DEBUG org.asynchttpclient.netty.request.NettyRequestSender - Using open Channel [id: 0xc746cd8e, L:/127.0.0.1:59175 - R:localhost/127.0.0.1:50195] for GET '/session/3b518f49b5e6673197a6385c9b91043b/element/33e81865-a341-4199-be15-512717d7bb9e/name'
16:06:17.191 [AsyncHttpClient-1-2] DEBUG org.asynchttpclient.netty.handler.HttpHandler - 

Request DefaultFullHttpRequest(decodeResult: success, version: HTTP/1.1, content: EmptyByteBufBE)
GET /session/3b518f49b5e6673197a6385c9b91043b/element/33e81865-a341-4199-be15-512717d7bb9e/name HTTP/1.1
User-Agent: selenium/4.1.2 (java windows)
Cache-Control: no-cache
Content-Type: application/json; charset=utf-8
host: localhost:50195
accept: */*

Response DefaultHttpResponse(decodeResult: success, version: HTTP/1.1)
HTTP/1.1 200 OK
Content-Type: application/json; charset=utf-8
cache-control: no-cache
content-length: 17

16:06:17.191 [AsyncHttpClient-1-2] DEBUG org.asynchttpclient.netty.channel.ChannelManager - Adding key: http://localhost:50195 for channel [id: 0xc746cd8e, L:/127.0.0.1:59175 - R:localhost/127.0.0.1:50195]
16:06:17.196 [Forwarding getElementTagName on session 3b518f49b5e6673197a6385c9b91043b to remote] DEBUG org.asynchttpclient.netty.request.NettyRequestSender - Using pooled Channel '[id: 0xc746cd8e, L:/127.0.0.1:59175 - R:localhost/127.0.0.1:50195]' for 'GET' to 'http://localhost:50195/session/3b518f49b5e6673197a6385c9b91043b/element/33e81865-a341-4199-be15-512717d7bb9e/name'
16:06:17.196 [Forwarding getElementTagName on session 3b518f49b5e6673197a6385c9b91043b to remote] DEBUG org.asynchttpclient.netty.request.NettyRequestSender - Using open Channel [id: 0xc746cd8e, L:/127.0.0.1:59175 - R:localhost/127.0.0.1:50195] for GET '/session/3b518f49b5e6673197a6385c9b91043b/element/33e81865-a341-4199-be15-512717d7bb9e/name'
16:06:17.206 [AsyncHttpClient-1-2] DEBUG org.asynchttpclient.netty.handler.HttpHandler - 

Request DefaultFullHttpRequest(decodeResult: success, version: HTTP/1.1, content: EmptyByteBufBE)
GET /session/3b518f49b5e6673197a6385c9b91043b/element/33e81865-a341-4199-be15-512717d7bb9e/name HTTP/1.1
User-Agent: selenium/4.1.2 (java windows)
Cache-Control: no-cache
Content-Type: application/json; charset=utf-8
host: localhost:50195
accept: */*

Response DefaultHttpResponse(decodeResult: success, version: HTTP/1.1)
HTTP/1.1 200 OK
Content-Type: application/json; charset=utf-8
cache-control: no-cache
content-length: 17

16:06:17.207 [AsyncHttpClient-1-2] DEBUG org.asynchttpclient.netty.channel.ChannelManager - Adding key: http://localhost:50195 for channel [id: 0xc746cd8e, L:/127.0.0.1:59175 - R:localhost/127.0.0.1:50195]
16:06:17.222 [Forwarding isElementEnabled on session 3b518f49b5e6673197a6385c9b91043b to remote] DEBUG org.asynchttpclient.netty.request.NettyRequestSender - Using pooled Channel '[id: 0xc746cd8e, L:/127.0.0.1:59175 - R:localhost/127.0.0.1:50195]' for 'GET' to 'http://localhost:50195/session/3b518f49b5e6673197a6385c9b91043b/element/33e81865-a341-4199-be15-512717d7bb9e/enabled'
16:06:17.223 [Forwarding isElementEnabled on session 3b518f49b5e6673197a6385c9b91043b to remote] DEBUG org.asynchttpclient.netty.request.NettyRequestSender - Using open Channel [id: 0xc746cd8e, L:/127.0.0.1:59175 - R:localhost/127.0.0.1:50195] for GET '/session/3b518f49b5e6673197a6385c9b91043b/element/33e81865-a341-4199-be15-512717d7bb9e/enabled'
16:06:17.245 [AsyncHttpClient-1-2] DEBUG org.asynchttpclient.netty.handler.HttpHandler - 

Request DefaultFullHttpRequest(decodeResult: success, version: HTTP/1.1, content: EmptyByteBufBE)
GET /session/3b518f49b5e6673197a6385c9b91043b/element/33e81865-a341-4199-be15-512717d7bb9e/enabled HTTP/1.1
User-Agent: selenium/4.1.2 (java windows)
Cache-Control: no-cache
Content-Type: application/json; charset=utf-8
host: localhost:50195
accept: */*

Response DefaultHttpResponse(decodeResult: success, version: HTTP/1.1)
HTTP/1.1 200 OK
Content-Type: application/json; charset=utf-8
cache-control: no-cache
content-length: 14

16:06:17.246 [AsyncHttpClient-1-2] DEBUG org.asynchttpclient.netty.channel.ChannelManager - Adding key: http://localhost:50195 for channel [id: 0xc746cd8e, L:/127.0.0.1:59175 - R:localhost/127.0.0.1:50195]
16:06:17.253 [Forwarding isElementEnabled on session 3b518f49b5e6673197a6385c9b91043b to remote] DEBUG org.asynchttpclient.netty.request.NettyRequestSender - Using pooled Channel '[id: 0xc746cd8e, L:/127.0.0.1:59175 - R:localhost/127.0.0.1:50195]' for 'GET' to 'http://localhost:50195/session/3b518f49b5e6673197a6385c9b91043b/element/33e81865-a341-4199-be15-512717d7bb9e/enabled'
16:06:17.254 [Forwarding isElementEnabled on session 3b518f49b5e6673197a6385c9b91043b to remote] DEBUG org.asynchttpclient.netty.request.NettyRequestSender - Using open Channel [id: 0xc746cd8e, L:/127.0.0.1:59175 - R:localhost/127.0.0.1:50195] for GET '/session/3b518f49b5e6673197a6385c9b91043b/element/33e81865-a341-4199-be15-512717d7bb9e/enabled'
16:06:17.268 [AsyncHttpClient-1-2] DEBUG org.asynchttpclient.netty.handler.HttpHandler - 

Request DefaultFullHttpRequest(decodeResult: success, version: HTTP/1.1, content: EmptyByteBufBE)
GET /session/3b518f49b5e6673197a6385c9b91043b/element/33e81865-a341-4199-be15-512717d7bb9e/enabled HTTP/1.1
User-Agent: selenium/4.1.2 (java windows)
Cache-Control: no-cache
Content-Type: application/json; charset=utf-8
host: localhost:50195
accept: */*

Response DefaultHttpResponse(decodeResult: success, version: HTTP/1.1)
HTTP/1.1 200 OK
Content-Type: application/json; charset=utf-8
cache-control: no-cache
content-length: 14

16:06:17.268 [AsyncHttpClient-1-2] DEBUG org.asynchttpclient.netty.channel.ChannelManager - Adding key: http://localhost:50195 for channel [id: 0xc746cd8e, L:/127.0.0.1:59175 - R:localhost/127.0.0.1:50195]
16:06:17.274 [Forwarding findElement on session 3b518f49b5e6673197a6385c9b91043b to remote] DEBUG org.asynchttpclient.netty.request.NettyRequestSender - Using pooled Channel '[id: 0xc746cd8e, L:/127.0.0.1:59175 - R:localhost/127.0.0.1:50195]' for 'POST' to 'http://localhost:50195/session/3b518f49b5e6673197a6385c9b91043b/element'
16:06:17.274 [Forwarding findElement on session 3b518f49b5e6673197a6385c9b91043b to remote] DEBUG org.asynchttpclient.netty.request.NettyRequestSender - Using open Channel [id: 0xc746cd8e, L:/127.0.0.1:59175 - R:localhost/127.0.0.1:50195] for POST '/session/3b518f49b5e6673197a6385c9b91043b/element'
16:06:17.292 [AsyncHttpClient-1-2] DEBUG org.asynchttpclient.netty.handler.HttpHandler - 

Request DefaultHttpRequest(decodeResult: success, version: HTTP/1.1)
POST /session/3b518f49b5e6673197a6385c9b91043b/element HTTP/1.1
User-Agent: selenium/4.1.2 (java windows)
Content-Length: 59
Content-Type: application/json; charset=utf-8
host: localhost:50195
accept: */*

Response DefaultHttpResponse(decodeResult: success, version: HTTP/1.1)
HTTP/1.1 200 OK
Content-Type: application/json; charset=utf-8
cache-control: no-cache
content-length: 88

16:06:17.292 [AsyncHttpClient-1-2] DEBUG org.asynchttpclient.netty.channel.ChannelManager - Adding key: http://localhost:50195 for channel [id: 0xc746cd8e, L:/127.0.0.1:59175 - R:localhost/127.0.0.1:50195]
16:06:17.295 [Forwarding clickElement on session 3b518f49b5e6673197a6385c9b91043b to remote] DEBUG org.asynchttpclient.netty.request.NettyRequestSender - Using pooled Channel '[id: 0xc746cd8e, L:/127.0.0.1:59175 - R:localhost/127.0.0.1:50195]' for 'POST' to 'http://localhost:50195/session/3b518f49b5e6673197a6385c9b91043b/element/33e81865-a341-4199-be15-512717d7bb9e/click'
16:06:17.295 [Forwarding clickElement on session 3b518f49b5e6673197a6385c9b91043b to remote] DEBUG org.asynchttpclient.netty.request.NettyRequestSender - Using open Channel [id: 0xc746cd8e, L:/127.0.0.1:59175 - R:localhost/127.0.0.1:50195] for POST '/session/3b518f49b5e6673197a6385c9b91043b/element/33e81865-a341-4199-be15-512717d7bb9e/click'
16:06:18.168 [AsyncHttpClient-1-1] DEBUG org.asynchttpclient.netty.channel.DefaultChannelPool - Entry count for : http://localhost:59177 : 1
16:06:19.269 [AsyncHttpClient-1-1] DEBUG org.asynchttpclient.netty.channel.DefaultChannelPool - Entry count for : http://localhost:59177 : 1
16:06:20.371 [AsyncHttpClient-1-1] DEBUG org.asynchttpclient.netty.channel.DefaultChannelPool - Entry count for : http://localhost:59177 : 1
16:06:21.465 [AsyncHttpClient-1-1] DEBUG org.asynchttpclient.netty.channel.DefaultChannelPool - Entry count for : http://localhost:59177 : 1
16:06:22.565 [AsyncHttpClient-1-1] DEBUG org.asynchttpclient.netty.channel.DefaultChannelPool - Entry count for : http://localhost:59177 : 1
16:06:22.825 [AsyncHttpClient-1-2] DEBUG org.asynchttpclient.netty.handler.HttpHandler - 

Request DefaultHttpRequest(decodeResult: success, version: HTTP/1.1)
POST /session/3b518f49b5e6673197a6385c9b91043b/element/33e81865-a341-4199-be15-512717d7bb9e/click HTTP/1.1
User-Agent: selenium/4.1.2 (java windows)
Content-Length: 50
Content-Type: application/json; charset=utf-8
host: localhost:50195
accept: */*

Response DefaultHttpResponse(decodeResult: success, version: HTTP/1.1)
HTTP/1.1 200 OK
Content-Type: application/json; charset=utf-8
cache-control: no-cache
content-length: 14

16:06:22.826 [AsyncHttpClient-1-2] DEBUG org.asynchttpclient.netty.channel.ChannelManager - Adding key: http://localhost:50195 for channel [id: 0xc746cd8e, L:/127.0.0.1:59175 - R:localhost/127.0.0.1:50195]
  &amp#27;[32mAnd &amp#27;[0m&amp#27;[32mI click login button&amp#27;[0m          &amp#27;[90m# starter.stepdefinitions.LoginStep.iClickLoginButton()&amp#27;[0m
16:06:22.848 [Forwarding screenshot on session 3b518f49b5e6673197a6385c9b91043b to remote] DEBUG org.asynchttpclient.netty.request.NettyRequestSender - Using pooled Channel '[id: 0xc746cd8e, L:/127.0.0.1:59175 - R:localhost/127.0.0.1:50195]' for 'GET' to 'http://localhost:50195/session/3b518f49b5e6673197a6385c9b91043b/screenshot'
16:06:22.848 [Forwarding screenshot on session 3b518f49b5e6673197a6385c9b91043b to remote] DEBUG org.asynchttpclient.netty.request.NettyRequestSender - Using open Channel [id: 0xc746cd8e, L:/127.0.0.1:59175 - R:localhost/127.0.0.1:50195] for GET '/session/3b518f49b5e6673197a6385c9b91043b/screenshot'
16:06:23.669 [AsyncHttpClient-1-1] DEBUG org.asynchttpclient.netty.channel.DefaultChannelPool - Entry count for : http://localhost:59177 : 1
16:06:24.064 [AsyncHttpClient-1-2] DEBUG org.asynchttpclient.netty.handler.HttpHandler - 

Request DefaultFullHttpRequest(decodeResult: success, version: HTTP/1.1, content: EmptyByteBufBE)
GET /session/3b518f49b5e6673197a6385c9b91043b/screenshot HTTP/1.1
User-Agent: selenium/4.1.2 (java windows)
Cache-Control: no-cache
Content-Type: application/json; charset=utf-8
host: localhost:50195
accept: */*

Response DefaultHttpResponse(decodeResult: success, version: HTTP/1.1)
HTTP/1.1 200 OK
Content-Type: application/json; charset=utf-8
cache-control: no-cache
content-length: 65472

16:06:24.067 [AsyncHttpClient-1-2] DEBUG org.asynchttpclient.netty.channel.ChannelManager - Adding key: http://localhost:50195 for channel [id: 0xc746cd8e, L:/127.0.0.1:59175 - R:localhost/127.0.0.1:50195]
16:06:24.072 [main] DEBUG net.serenitybdd.core.photography.Darkroom - Send negative for processing for target\site\serenity\8e5314edb9967a6d09a2972d06b692d897e1a300a76f76e63e9fd5c6220eb321.png
16:06:24.074 [Darkroom Processing Line] DEBUG net.serenitybdd.core.photography.DarkroomProcessingLine - Processing screenshot image in /var/screenshots/screenshot-16352771071589750619
16:06:24.074 [Darkroom Processing Line] DEBUG net.serenitybdd.core.photography.DarkroomProcessingLine - Saving screenshot to target\site\serenity\8e5314edb9967a6d09a2972d06b692d897e1a300a76f76e63e9fd5c6220eb321.png
16:06:24.095 [Forwarding findElement on session 3b518f49b5e6673197a6385c9b91043b to remote] DEBUG org.asynchttpclient.netty.request.NettyRequestSender - Using pooled Channel '[id: 0xc746cd8e, L:/127.0.0.1:59175 - R:localhost/127.0.0.1:50195]' for 'POST' to 'http://localhost:50195/session/3b518f49b5e6673197a6385c9b91043b/element'
16:06:24.096 [Forwarding findElement on session 3b518f49b5e6673197a6385c9b91043b to remote] DEBUG org.asynchttpclient.netty.request.NettyRequestSender - Using open Channel [id: 0xc746cd8e, L:/127.0.0.1:59175 - R:localhost/127.0.0.1:50195] for POST '/session/3b518f49b5e6673197a6385c9b91043b/element'
16:06:24.775 [AsyncHttpClient-1-1] DEBUG org.asynchttpclient.netty.channel.DefaultChannelPool - Entry count for : http://localhost:59177 : 1
16:06:25.015 [AsyncHttpClient-1-2] DEBUG org.asynchttpclient.netty.handler.HttpHandler - 

Request DefaultHttpRequest(decodeResult: success, version: HTTP/1.1)
POST /session/3b518f49b5e6673197a6385c9b91043b/element HTTP/1.1
User-Agent: selenium/4.1.2 (java windows)
Content-Length: 51
Content-Type: application/json; charset=utf-8
host: localhost:50195
accept: */*

Response DefaultHttpResponse(decodeResult: success, version: HTTP/1.1)
HTTP/1.1 200 OK
Content-Type: application/json; charset=utf-8
cache-control: no-cache
content-length: 88

16:06:25.016 [AsyncHttpClient-1-2] DEBUG org.asynchttpclient.netty.channel.ChannelManager - Adding key: http://localhost:50195 for channel [id: 0xc746cd8e, L:/127.0.0.1:59175 - R:localhost/127.0.0.1:50195]
16:06:25.033 [Forwarding isElementDisplayed on session 3b518f49b5e6673197a6385c9b91043b to remote] DEBUG org.asynchttpclient.netty.request.NettyRequestSender - Using pooled Channel '[id: 0xc746cd8e, L:/127.0.0.1:59175 - R:localhost/127.0.0.1:50195]' for 'POST' to 'http://localhost:50195/session/3b518f49b5e6673197a6385c9b91043b/execute/sync'
16:06:25.034 [Forwarding isElementDisplayed on session 3b518f49b5e6673197a6385c9b91043b to remote] DEBUG org.asynchttpclient.netty.request.NettyRequestSender - Using open Channel [id: 0xc746cd8e, L:/127.0.0.1:59175 - R:localhost/127.0.0.1:50195] for POST '/session/3b518f49b5e6673197a6385c9b91043b/execute/sync'
16:06:25.406 [AsyncHttpClient-1-2] DEBUG org.asynchttpclient.netty.handler.HttpHandler - 

Request DefaultHttpRequest(decodeResult: success, version: HTTP/1.1)
POST /session/3b518f49b5e6673197a6385c9b91043b/execute/sync HTTP/1.1
User-Agent: selenium/4.1.2 (java windows)
Content-Length: 48780
Content-Type: application/json; charset=utf-8
host: localhost:50195
accept: */*

Response DefaultHttpResponse(decodeResult: success, version: HTTP/1.1)
HTTP/1.1 200 OK
Content-Type: application/json; charset=utf-8
cache-control: no-cache
content-length: 14

16:06:25.408 [AsyncHttpClient-1-2] DEBUG org.asynchttpclient.netty.channel.ChannelManager - Adding key: http://localhost:50195 for channel [id: 0xc746cd8e, L:/127.0.0.1:59175 - R:localhost/127.0.0.1:50195]
  &amp#27;[32mThen &amp#27;[0m&amp#27;[32mI will get error message&amp#27;[0m     &amp#27;[90m# starter.stepdefinitions.LoginStep.iWillGetErrorMessage()&amp#27;[0m
16:06:25.442 [Forwarding screenshot on session 3b518f49b5e6673197a6385c9b91043b to remote] DEBUG org.asynchttpclient.netty.request.NettyRequestSender - Using pooled Channel '[id: 0xc746cd8e, L:/127.0.0.1:59175 - R:localhost/127.0.0.1:50195]' for 'GET' to 'http://localhost:50195/session/3b518f49b5e6673197a6385c9b91043b/screenshot'
16:06:25.442 [Forwarding screenshot on session 3b518f49b5e6673197a6385c9b91043b to remote] DEBUG org.asynchttpclient.netty.request.NettyRequestSender - Using open Channel [id: 0xc746cd8e, L:/127.0.0.1:59175 - R:localhost/127.0.0.1:50195] for GET '/session/3b518f49b5e6673197a6385c9b91043b/screenshot'
16:06:25.586 [AsyncHttpClient-1-2] DEBUG org.asynchttpclient.netty.handler.HttpHandler - 

Request DefaultFullHttpRequest(decodeResult: success, version: HTTP/1.1, content: EmptyByteBufBE)
GET /session/3b518f49b5e6673197a6385c9b91043b/screenshot HTTP/1.1
User-Agent: selenium/4.1.2 (java windows)
Cache-Control: no-cache
Content-Type: application/json; charset=utf-8
host: localhost:50195
accept: */*

Response DefaultHttpResponse(decodeResult: success, version: HTTP/1.1)
HTTP/1.1 200 OK
Content-Type: application/json; charset=utf-8
cache-control: no-cache
content-length: 65472

16:06:25.589 [AsyncHttpClient-1-2] DEBUG org.asynchttpclient.netty.channel.ChannelManager - Adding key: http://localhost:50195 for channel [id: 0xc746cd8e, L:/127.0.0.1:59175 - R:localhost/127.0.0.1:50195]
16:06:25.597 [main] DEBUG net.serenitybdd.core.photography.Darkroom - Send negative for processing for target\site\serenity\8e5314edb9967a6d09a2972d06b692d897e1a300a76f76e63e9fd5c6220eb321.png
16:06:25.606 [main] INFO  - 
  _____   ___   ___   _____     ___     _     ___   ___   ___   ___  
 |_   _| | __| / __| |_   _|   | _ \   /_\   / __| / __| | __| |   \ 
   | |   | _|  \__ \   | |     |  _/  / _ \  \__ \ \__ \ | _|  | |) |
   |_|   |___| |___/   |_|     |_|   /_/ \_\ |___/ |___/ |___| |___/ 

Login with locked account
----------------------------------------------------------------------
16:06:25.867 [AsyncHttpClient-1-1] DEBUG org.asynchttpclient.netty.channel.DefaultChannelPool - Entry count for : http://localhost:59177 : 1
16:06:25.868 [AsyncHttpClient-1-1] DEBUG org.asynchttpclient.netty.channel.DefaultChannelPool - Entry count for : http://localhost:50195 : 1
16:06:25.877 [Driver Command Executor] DEBUG org.asynchttpclient.netty.request.NettyRequestSender - Using pooled Channel '[id: 0xc746cd8e, L:/127.0.0.1:59175 - R:localhost/127.0.0.1:50195]' for 'DELETE' to 'http://localhost:50195/session/3b518f49b5e6673197a6385c9b91043b'
16:06:25.877 [Driver Command Executor] DEBUG org.asynchttpclient.netty.request.NettyRequestSender - Using open Channel [id: 0xc746cd8e, L:/127.0.0.1:59175 - R:localhost/127.0.0.1:50195] for DELETE '/session/3b518f49b5e6673197a6385c9b91043b'
16:06:25.881 [AsyncHttpClient-1-4] DEBUG org.asynchttpclient.netty.handler.WebSocketHandler - Channel Closed: [id: 0x472722b1, L:/127.0.0.1:59188 ! R:localhost/127.0.0.1:59177] with attribute NettyResponseFuture{currentRetry=5,
	isDone=1,
	isCancelled=0,
	asyncHandler=org.asynchttpclient.ws.WebSocketUpgradeHandler@75df3ef1,
	nettyRequest=org.asynchttpclient.netty.request.NettyRequest@71eae92d,
	future=java.util.concurrent.CompletableFuture@48d3ec70[Completed normally],
	uri=ws://localhost:59177/devtools/browser/86426fd4-3890-4c89-83ed-331b4505e405,
	keepAlive=true,
	redirectCount=0,
	timeoutsHolder=null,
	inAuth=0,
	touch=1665565537901}
16:06:25.882 [AsyncHttpClient-1-4] DEBUG org.asynchttpclient.netty.channel.ChannelManager - Closing Channel [id: 0x472722b1, L:/127.0.0.1:59188 ! R:localhost/127.0.0.1:59177] 
16:06:26.969 [AsyncHttpClient-1-1] DEBUG org.asynchttpclient.netty.channel.DefaultChannelPool - Entry count for : http://localhost:59177 : 1
16:06:28.065 [AsyncHttpClient-1-1] DEBUG org.asynchttpclient.netty.channel.DefaultChannelPool - Entry count for : http://localhost:59177 : 1
16:06:29.166 [AsyncHttpClient-1-1] DEBUG org.asynchttpclient.netty.channel.DefaultChannelPool - Entry count for : http://localhost:59177 : 1
16:06:30.265 [AsyncHttpClient-1-1] DEBUG org.asynchttpclient.netty.channel.DefaultChannelPool - Entry count for : http://localhost:59177 : 1
16:06:31.373 [AsyncHttpClient-1-1] DEBUG org.asynchttpclient.netty.channel.DefaultChannelPool - Entry count for : http://localhost:59177 : 1
16:06:32.467 [AsyncHttpClient-1-1] DEBUG org.asynchttpclient.netty.channel.DefaultChannelPool - Entry count for : http://localhost:59177 : 1
16:06:33.573 [AsyncHttpClient-1-1] DEBUG org.asynchttpclient.netty.channel.DefaultChannelPool - Entry count for : http://localhost:59177 : 1
16:06:34.671 [AsyncHttpClient-1-1] DEBUG org.asynchttpclient.netty.channel.DefaultChannelPool - Entry count for : http://localhost:59177 : 1
16:06:35.765 [AsyncHttpClient-1-1] DEBUG org.asynchttpclient.netty.channel.DefaultChannelPool - Entry count for : http://localhost:59177 : 1
16:06:36.240 [AsyncHttpClient-1-3] DEBUG org.asynchttpclient.netty.handler.HttpHandler - Unexpected I/O exception on channel [id: 0x50722c62, L:/127.0.0.1:59187 - R:localhost/127.0.0.1:59177]
java.io.IOException: An existing connection was forcibly closed by the remote host
	at java.base/sun.nio.ch.SocketDispatcher.read0(Native Method)
	at java.base/sun.nio.ch.SocketDispatcher.read(SocketDispatcher.java:43)
	at java.base/sun.nio.ch.IOUtil.readIntoNativeBuffer(IOUtil.java:276)
	at java.base/sun.nio.ch.IOUtil.read(IOUtil.java:233)
	at java.base/sun.nio.ch.IOUtil.read(IOUtil.java:223)
	at java.base/sun.nio.ch.SocketChannelImpl.read(SocketChannelImpl.java:358)
	at io.netty.buffer.PooledByteBuf.setBytes(PooledByteBuf.java:258)
	at io.netty.buffer.AbstractByteBuf.writeBytes(AbstractByteBuf.java:1132)
	at io.netty.channel.socket.nio.NioSocketChannel.doReadBytes(NioSocketChannel.java:350)
	at io.netty.channel.nio.AbstractNioByteChannel$NioByteUnsafe.read(AbstractNioByteChannel.java:151)
	at io.netty.channel.nio.NioEventLoop.processSelectedKey(NioEventLoop.java:722)
	at io.netty.channel.nio.NioEventLoop.processSelectedKeysOptimized(NioEventLoop.java:658)
	at io.netty.channel.nio.NioEventLoop.processSelectedKeys(NioEventLoop.java:584)
	at io.netty.channel.nio.NioEventLoop.run(NioEventLoop.java:496)
	at io.netty.util.concurrent.SingleThreadEventExecutor$4.run(SingleThreadEventExecutor.java:986)
	at io.netty.util.internal.ThreadExecutorMap$2.run(ThreadExecutorMap.java:74)
	at io.netty.util.concurrent.FastThreadLocalRunnable.run(FastThreadLocalRunnable.java:30)
	at java.base/java.lang.Thread.run(Thread.java:834)
16:06:36.240 [AsyncHttpClient-1-3] DEBUG org.asynchttpclient.netty.channel.ChannelManager - Closing Channel [id: 0x50722c62, L:/127.0.0.1:59187 - R:localhost/127.0.0.1:59177] 
16:06:36.258 [AsyncHttpClient-1-3] DEBUG org.asynchttpclient.netty.handler.HttpHandler - Channel Closed: [id: 0x50722c62, L:/127.0.0.1:59187 ! R:localhost/127.0.0.1:59177] with attribute DISCARD
16:06:36.865 [AsyncHttpClient-1-1] DEBUG org.asynchttpclient.netty.channel.DefaultChannelPool - Entry count for : http://localhost:59177 : 1
16:06:36.865 [AsyncHttpClient-1-1] DEBUG org.asynchttpclient.netty.channel.DefaultChannelPool - Adding Candidate expired Channel [id: 0x50722c62, L:/127.0.0.1:59187 ! R:localhost/127.0.0.1:59177] isIdleTimeoutExpired=false isRemotelyClosed=true isTtlExpired=false
16:06:36.865 [AsyncHttpClient-1-1] DEBUG org.asynchttpclient.netty.channel.DefaultChannelPool - Closing Idle Channel [id: 0x50722c62, L:/127.0.0.1:59187 ! R:localhost/127.0.0.1:59177]
16:06:36.867 [AsyncHttpClient-1-1] DEBUG org.asynchttpclient.netty.channel.DefaultChannelPool - Closed 1 connections out of 1 in 1 ms
16:06:36.875 [AsyncHttpClient-1-2] DEBUG org.asynchttpclient.netty.handler.HttpHandler - 

Request DefaultFullHttpRequest(decodeResult: success, version: HTTP/1.1, content: EmptyByteBufBE)
DELETE /session/3b518f49b5e6673197a6385c9b91043b HTTP/1.1
User-Agent: selenium/4.1.2 (java windows)
Content-Type: application/json; charset=utf-8
host: localhost:50195
accept: */*

Response DefaultHttpResponse(decodeResult: success, version: HTTP/1.1)
HTTP/1.1 200 OK
Content-Type: application/json; charset=utf-8
cache-control: no-cache
content-length: 14

16:06:36.875 [AsyncHttpClient-1-2] DEBUG org.asynchttpclient.netty.channel.ChannelManager - Adding key: http://localhost:50195 for channel [id: 0xc746cd8e, L:/127.0.0.1:59175 - R:localhost/127.0.0.1:50195]
16:06:37.471 [AsyncHttpClient-1-2] DEBUG org.asynchttpclient.netty.handler.HttpHandler - Channel Closed: [id: 0xc746cd8e, L:/127.0.0.1:59175 ! R:localhost/127.0.0.1:50195] with attribute DISCARD
]]></system-out>
    <system-err><![CDATA[Starting ChromeDriver 106.0.5249.61 (511755355844955cd3e264779baf0dd38212a4d0-refs/branch-heads/5249@{#569}) on port 50195
Only local connections are allowed.
Please see https://chromedriver.chromium.org/security-considerations for suggestions on keeping ChromeDriver safe.
ChromeDriver was started successfully.
[1665565510.906][WARNING]: Timed out connecting to Chrome, retrying...
Oct 12, 2022 4:05:36 PM org.openqa.selenium.remote.ProtocolHandshake createSession
INFO: Detected dialect: W3C
Oct 12, 2022 4:05:37 PM org.openqa.selenium.devtools.CdpVersionFinder findNearestMatch
WARNING: Unable to find an exact match for CDP version 106, so returning the closest version found: a no-op implementation
Oct 12, 2022 4:05:37 PM org.openqa.selenium.devtools.CdpVersionFinder findNearestMatch
INFO: Unable to find CDP implementation matching 106.
Oct 12, 2022 4:05:37 PM org.openqa.selenium.chromium.ChromiumDriver lambda$new$3
WARNING: Unable to find version of CDP to use for . You may need to include a dependency on a specific version of the CDP using something similar to `org.seleniumhq.selenium:selenium-devtools-v86:4.1.2` where the version ("v86") matches the version of the chromium-based browser you're using and the version number of the artifact is the same as Selenium's.
]]></system-err>
  </testcase>
  <testcase name="Login with valid username and valid password" classname="Login" time="68.154">
    <error type="org.openqa.selenium.NoSuchElementException"><![CDATA[org.openqa.selenium.NoSuchElementException: 
no such element: Unable to locate element: {"method":"xpath","selector":"//span[@class = 'title']"}
  (Session info: chrome=106.0.5249.103)
For documentation on this error, please visit: https://selenium.dev/exceptions/#no_such_element
Build info: version: '4.1.2', revision: '9a5a329c5a'
System info: host: 'DRAYMOND', ip: '192.168.56.1', os.name: 'Windows 10', os.arch: 'amd64', os.version: '10.0', java.version: '11.0.16'
Driver info: org.openqa.selenium.chrome.ChromeDriver
Command: [ae74a0a35ecfda82cb8300ae9a706922, findElement {using=xpath, value=//span[@class = 'title']}]
Capabilities {acceptInsecureCerts: false, browserName: chrome, browserVersion: 106.0.5249.103, chrome: {chromedriverVersion: 106.0.5249.61 (511755355844..., userDataDir: C:\Users\Acer\AppData\Local...}, goog:chromeOptions: {debuggerAddress: localhost:59216}, javascriptEnabled: true, networkConnectionEnabled: false, pageLoadStrategy: normal, platform: WINDOWS, platformName: WINDOWS, proxy: Proxy(), se:cdp: ws://localhost:59216/devtoo..., se:cdpVersion: 106.0.5249.103, setWindowRect: true, strictFileInteractability: false, timeouts: {implicit: 0, pageLoad: 300000, script: 30000}, unhandledPromptBehavior: dismiss and notify, webauthn:extension:credBlob: true, webauthn:extension:largeBlob: true, webauthn:virtualAuthenticators: true}
Session ID: ae74a0a35ecfda82cb8300ae9a706922
]]></error>
    <system-out><![CDATA[
Scenario: Login with valid username and valid password &amp#27;[90m# src/test/resources/features/Login.feature:13&amp#27;[0m
16:06:37.605 [main] INFO io.cucumber.core.plugin.SerenityReporter - Running feature from file:///C:/Users/Acer/IdeaProjects/serenity/src/test/resources/features/Login.feature
16:06:37.615 [main] INFO  - 
  _____   ___   ___   _____     ___   _____     _     ___   _____   ___   ___  
 |_   _| | __| / __| |_   _|   / __| |_   _|   /_\   | _ \ |_   _| | __| |   \ 
   | |   | _|  \__ \   | |     \__ \   | |    / _ \  |   /   | |   | _|  | |) |
   |_|   |___| |___/   |_|     |___/   |_|   /_/ \_\ |_|_\   |_|   |___| |___/ 

Login with valid username and valid password(login;login-with-valid-username-and-valid-password)
--------------------------------------------------------------------------------
16:06:37.659 [main] INFO net.serenitybdd.core.webdriver.driverproviders.ChromeDriverProvider - Using automatically driver download
16:06:37.965 [AsyncHttpClient-1-1] DEBUG org.asynchttpclient.netty.channel.DefaultChannelPool - Entry count for : http://localhost:50195 : 1
16:06:37.965 [AsyncHttpClient-1-1] DEBUG org.asynchttpclient.netty.channel.DefaultChannelPool - Adding Candidate expired Channel [id: 0xc746cd8e, L:/127.0.0.1:59175 ! R:localhost/127.0.0.1:50195] isIdleTimeoutExpired=false isRemotelyClosed=true isTtlExpired=false
16:06:37.965 [AsyncHttpClient-1-1] DEBUG org.asynchttpclient.netty.channel.DefaultChannelPool - Closing Idle Channel [id: 0xc746cd8e, L:/127.0.0.1:59175 ! R:localhost/127.0.0.1:50195]
16:06:37.965 [AsyncHttpClient-1-1] DEBUG org.asynchttpclient.netty.channel.DefaultChannelPool - Closed 1 connections out of 1 in 0 ms
16:06:38.248 [main] DEBUG io.github.bonigarcia.wdm.cache.ResolutionCache - Resolution chrome=106 in cache (valid until 16:25:56 12/10/2022 ICT)
16:06:38.269 [main] DEBUG io.github.bonigarcia.wdm.cache.ResolutionCache - Resolution chrome106=106.0.5249.61 in cache (valid until 15:25:56 13/10/2022 ICT)
16:06:38.277 [main] INFO io.github.bonigarcia.wdm.WebDriverManager - Using chromedriver 106.0.5249.61 (resolved driver for Chrome 106)
16:06:38.317 [main] DEBUG io.github.bonigarcia.wdm.WebDriverManager - Driver chromedriver 106.0.5249.61 found in cache
16:06:38.319 [main] INFO io.github.bonigarcia.wdm.WebDriverManager - Exporting webdriver.chrome.driver as C:\Users\Acer\.cache\selenium\chromedriver\win32\106.0.5249.61\chromedriver.exe
16:06:38.636 [main] DEBUG net.serenitybdd.core.webdriver.driverproviders.ProvideNewDriver - Instantiating driver
16:06:38.636 [main] DEBUG net.serenitybdd.core.webdriver.driverproviders.ProvideNewDriver - Driver capabilities: Capabilities {acceptInsecureCerts: false, base.url: https://www.saucedemo.com/, browserName: chrome, chrome.driver: src/test/resources/webdrive..., driver: chrome, goog:chromeOptions: {args: [], extensions: []}}
16:06:40.428 [AsyncHttpClient-1-5] DEBUG org.asynchttpclient.netty.channel.NettyConnectListener - Using new Channel '[id: 0x15ac0791, L:/127.0.0.1:59215 - R:localhost/127.0.0.1:56216]' for 'POST' to '/session'
16:06:53.015 [AsyncHttpClient-1-5] DEBUG org.asynchttpclient.netty.handler.HttpHandler - 

Request DefaultHttpRequest(decodeResult: success, version: HTTP/1.1)
POST /session HTTP/1.1
User-Agent: selenium/4.1.2 (java windows)
Content-Length: 612
Content-Type: application/json; charset=utf-8
host: localhost:56216
accept: */*

Response DefaultHttpResponse(decodeResult: success, version: HTTP/1.1)
HTTP/1.1 200 OK
Content-Type: application/json; charset=utf-8
cache-control: no-cache
content-length: 788

16:06:53.016 [AsyncHttpClient-1-5] DEBUG org.asynchttpclient.netty.channel.ChannelManager - Adding key: http://localhost:56216 for channel [id: 0x15ac0791, L:/127.0.0.1:59215 - R:localhost/127.0.0.1:56216]
16:06:53.037 [AsyncHttpClient-1-6] DEBUG org.asynchttpclient.netty.channel.NettyConnectListener - Using new Channel '[id: 0x1ca724f3, L:/127.0.0.1:59222 - R:localhost/127.0.0.1:59216]' for 'GET' to '/json/version'
16:06:53.048 [AsyncHttpClient-1-6] DEBUG org.asynchttpclient.netty.handler.HttpHandler - 

Request DefaultFullHttpRequest(decodeResult: success, version: HTTP/1.1, content: EmptyByteBufBE)
GET /json/version HTTP/1.1
User-Agent: selenium/4.1.2 (java windows)
host: localhost:59216
accept: */*

[...]
16:07:38.734 [Forwarding screenshot on session ae74a0a35ecfda82cb8300ae9a706922 to remote] DEBUG org.asynchttpclient.netty.request.NettyRequestSender - Using open Channel [id: 0x15ac0791, L:/127.0.0.1:59215 - R:localhost/127.0.0.1:56216] for GET '/session/ae74a0a35ecfda82cb8300ae9a706922/screenshot'
16:07:39.253 [AsyncHttpClient-1-5] DEBUG org.asynchttpclient.netty.handler.HttpHandler - 

Request DefaultFullHttpRequest(decodeResult: success, version: HTTP/1.1, content: EmptyByteBufBE)
GET /session/ae74a0a35ecfda82cb8300ae9a706922/screenshot HTTP/1.1
User-Agent: selenium/4.1.2 (java windows)
Cache-Control: no-cache
Content-Type: application/json; charset=utf-8
host: localhost:56216
accept: */*

Response DefaultHttpResponse(decodeResult: success, version: HTTP/1.1)
HTTP/1.1 200 OK
Content-Type: application/json; charset=utf-8
cache-control: no-cache
content-length: 66284

16:07:39.255 [AsyncHttpClient-1-5] DEBUG org.asynchttpclient.netty.channel.ChannelManager - Adding key: http://localhost:56216 for channel [id: 0x15ac0791, L:/127.0.0.1:59215 - R:localhost/127.0.0.1:56216]
16:07:39.260 [main] DEBUG net.serenitybdd.core.photography.Darkroom - Send negative for processing for target\site\serenity\7afc6412acb7b147be85ac88ac2d99386c02786e40c6e861c91a2262eda9a802.png
16:07:39.261 [Darkroom Processing Line] DEBUG net.serenitybdd.core.photography.DarkroomProcessingLine - Processing screenshot image in /var/screenshots/screenshot-8138746610165138037
16:07:39.261 [Darkroom Processing Line] DEBUG net.serenitybdd.core.photography.DarkroomProcessingLine - Saving screenshot to target\site\serenity\7afc6412acb7b147be85ac88ac2d99386c02786e40c6e861c91a2262eda9a802.png
16:07:39.279 [Forwarding findElement on session ae74a0a35ecfda82cb8300ae9a706922 to remote] DEBUG org.asynchttpclient.netty.request.NettyRequestSender - Using pooled Channel '[id: 0x15ac0791, L:/127.0.0.1:59215 - R:localhost/127.0.0.1:56216]' for 'POST' to 'http://localhost:56216/session/ae74a0a35ecfda82cb8300ae9a706922/element'
16:07:39.280 [Forwarding findElement on session ae74a0a35ecfda82cb8300ae9a706922 to remote] DEBUG org.asynchttpclient.netty.request.NettyRequestSender - Using open Channel [id: 0x15ac0791, L:/127.0.0.1:59215 - R:localhost/127.0.0.1:56216] for POST '/session/ae74a0a35ecfda82cb8300ae9a706922/element'
16:07:39.573 [AsyncHttpClient-1-1] DEBUG org.asynchttpclient.netty.channel.DefaultChannelPool - Entry count for : http://localhost:59216 : 1
16:07:40.670 [AsyncHttpClient-1-1] DEBUG org.asynchttpclient.netty.channel.DefaultChannelPool - Entry count for : http://localhost:59216 : 1
16:07:41.325 [AsyncHttpClient-1-5] DEBUG org.asynchttpclient.netty.handler.HttpHandler - 

Request DefaultHttpRequest(decodeResult: success, version: HTTP/1.1)
POST /session/ae74a0a35ecfda82cb8300ae9a706922/element HTTP/1.1
User-Agent: selenium/4.1.2 (java windows)
Content-Length: 71
Content-Type: application/json; charset=utf-8
host: localhost:56216
accept: */*

Response DefaultHttpResponse(decodeResult: success, version: HTTP/1.1)
HTTP/1.1 404 Not Found
Content-Type: application/json; charset=utf-8
cache-control: no-cache
content-length: 1031

16:07:41.325 [AsyncHttpClient-1-5] DEBUG org.asynchttpclient.netty.channel.ChannelManager - Adding key: http://localhost:56216 for channel [id: 0x15ac0791, L:/127.0.0.1:59215 - R:localhost/127.0.0.1:56216]
16:07:41.572 [Forwarding screenshot on session ae74a0a35ecfda82cb8300ae9a706922 to remote] DEBUG org.asynchttpclient.netty.request.NettyRequestSender - Using pooled Channel '[id: 0x15ac0791, L:/127.0.0.1:59215 - R:localhost/127.0.0.1:56216]' for 'GET' to 'http://localhost:56216/session/ae74a0a35ecfda82cb8300ae9a706922/screenshot'
16:07:41.572 [Forwarding screenshot on session ae74a0a35ecfda82cb8300ae9a706922 to remote] DEBUG org.asynchttpclient.netty.request.NettyRequestSender - Using open Channel [id: 0x15ac0791, L:/127.0.0.1:59215 - R:localhost/127.0.0.1:56216] for GET '/session/ae74a0a35ecfda82cb8300ae9a706922/screenshot'
16:07:41.710 [AsyncHttpClient-1-5] DEBUG org.asynchttpclient.netty.handler.HttpHandler - 

Request DefaultFullHttpRequest(decodeResult: success, version: HTTP/1.1, content: EmptyByteBufBE)
GET /session/ae74a0a35ecfda82cb8300ae9a706922/screenshot HTTP/1.1
User-Agent: selenium/4.1.2 (java windows)
Cache-Control: no-cache
Content-Type: application/json; charset=utf-8
host: localhost:56216
accept: */*

Response DefaultHttpResponse(decodeResult: success, version: HTTP/1.1)
HTTP/1.1 200 OK
Content-Type: application/json; charset=utf-8
cache-control: no-cache
content-length: 66284

16:07:41.712 [AsyncHttpClient-1-5] DEBUG org.asynchttpclient.netty.channel.ChannelManager - Adding key: http://localhost:56216 for channel [id: 0x15ac0791, L:/127.0.0.1:59215 - R:localhost/127.0.0.1:56216]
16:07:41.747 [main] DEBUG net.serenitybdd.core.photography.Darkroom - Send negative for processing for target\site\serenity\7afc6412acb7b147be85ac88ac2d99386c02786e40c6e861c91a2262eda9a802.png
16:07:41.765 [AsyncHttpClient-1-1] DEBUG org.asynchttpclient.netty.channel.DefaultChannelPool - Entry count for : http://localhost:59216 : 1
16:07:41.765 [AsyncHttpClient-1-1] DEBUG org.asynchttpclient.netty.channel.DefaultChannelPool - Entry count for : http://localhost:56216 : 1
16:07:41.934 [Forwarding getPageSource on session ae74a0a35ecfda82cb8300ae9a706922 to remote] DEBUG org.asynchttpclient.netty.request.NettyRequestSender - Using pooled Channel '[id: 0x15ac0791, L:/127.0.0.1:59215 - R:localhost/127.0.0.1:56216]' for 'POST' to 'http://localhost:56216/session/ae74a0a35ecfda82cb8300ae9a706922/execute/sync'
16:07:41.934 [Forwarding getPageSource on session ae74a0a35ecfda82cb8300ae9a706922 to remote] DEBUG org.asynchttpclient.netty.request.NettyRequestSender - Using open Channel [id: 0x15ac0791, L:/127.0.0.1:59215 - R:localhost/127.0.0.1:56216] for POST '/session/ae74a0a35ecfda82cb8300ae9a706922/execute/sync'
16:07:42.132 [AsyncHttpClient-1-5] DEBUG org.asynchttpclient.netty.handler.HttpHandler - 

Request DefaultHttpRequest(decodeResult: success, version: HTTP/1.1)
POST /session/ae74a0a35ecfda82cb8300ae9a706922/execute/sync HTTP/1.1
User-Agent: selenium/4.1.2 (java windows)
Content-Length: 176
Content-Type: application/json; charset=utf-8
host: localhost:56216
accept: */*

Response DefaultHttpResponse(decodeResult: success, version: HTTP/1.1)
HTTP/1.1 200 OK
Content-Type: application/json; charset=utf-8
cache-control: no-cache
content-length: 14693

16:07:42.133 [AsyncHttpClient-1-5] DEBUG org.asynchttpclient.netty.channel.ChannelManager - Adding key: http://localhost:56216 for channel [id: 0x15ac0791, L:/127.0.0.1:59215 - R:localhost/127.0.0.1:56216]
16:07:42.870 [AsyncHttpClient-1-1] DEBUG org.asynchttpclient.netty.channel.DefaultChannelPool - Entry count for : http://localhost:59216 : 1
16:07:42.870 [AsyncHttpClient-1-1] DEBUG org.asynchttpclient.netty.channel.DefaultChannelPool - Entry count for : http://localhost:56216 : 1
16:07:43.166 [Forwarding getCurrentUrl on session ae74a0a35ecfda82cb8300ae9a706922 to remote] DEBUG org.asynchttpclient.netty.request.NettyRequestSender - Using pooled Channel '[id: 0x15ac0791, L:/127.0.0.1:59215 - R:localhost/127.0.0.1:56216]' for 'GET' to 'http://localhost:56216/session/ae74a0a35ecfda82cb8300ae9a706922/url'
16:07:43.166 [Forwarding getCurrentUrl on session ae74a0a35ecfda82cb8300ae9a706922 to remote] DEBUG org.asynchttpclient.netty.request.NettyRequestSender - Using open Channel [id: 0x15ac0791, L:/127.0.0.1:59215 - R:localhost/127.0.0.1:56216] for GET '/session/ae74a0a35ecfda82cb8300ae9a706922/url'
16:07:43.173 [AsyncHttpClient-1-5] DEBUG org.asynchttpclient.netty.handler.HttpHandler - 

Request DefaultFullHttpRequest(decodeResult: success, version: HTTP/1.1, content: EmptyByteBufBE)
GET /session/ae74a0a35ecfda82cb8300ae9a706922/url HTTP/1.1
User-Agent: selenium/4.1.2 (java windows)
Cache-Control: no-cache
Content-Type: application/json; charset=utf-8
host: localhost:56216
accept: */*

Response DefaultHttpResponse(decodeResult: success, version: HTTP/1.1)
HTTP/1.1 200 OK
Content-Type: application/json; charset=utf-8
cache-control: no-cache
content-length: 38

16:07:43.174 [AsyncHttpClient-1-5] DEBUG org.asynchttpclient.netty.channel.ChannelManager - Adding key: http://localhost:56216 for channel [id: 0x15ac0791, L:/127.0.0.1:59215 - R:localhost/127.0.0.1:56216]
  &amp#27;[31mThen &amp#27;[0m&amp#27;[31mI will go to dashboard&amp#27;[0m                          &amp#27;[90m# starter.stepdefinitions.LoginStep.iWillGoToDashboard()&amp#27;[0m
      &amp#27;[31morg.openqa.selenium.NoSuchElementException: no such element: Unable to locate element: {"method":"xpath","selector":"//span[@class = 'title']"}
  (Session info: chrome=106.0.5249.103)
For documentation on this error, please visit: https://selenium.dev/exceptions/#no_such_element
Build info: version: '4.1.2', revision: '9a5a329c5a'
System info: host: 'DRAYMOND', ip: '192.168.56.1', os.name: 'Windows 10', os.arch: 'amd64', os.version: '10.0', java.version: '11.0.16'
Driver info: org.openqa.selenium.chrome.ChromeDriver
Command: [ae74a0a35ecfda82cb8300ae9a706922, findElement {using=xpath, value=//span[@class = 'title']}]
Capabilities {acceptInsecureCerts: false, browserName: chrome, browserVersion: 106.0.5249.103, chrome: {chromedriverVersion: 106.0.5249.61 (511755355844..., userDataDir: C:\Users\Acer\AppData\Local...}, goog:chromeOptions: {debuggerAddress: localhost:59216}, javascriptEnabled: true, networkConnectionEnabled: false, pageLoadStrategy: normal, platform: WINDOWS, platformName: WINDOWS, proxy: Proxy(), se:cdp: ws://localhost:59216/devtoo..., se:cdpVersion: 106.0.5249.103, setWindowRect: true, strictFileInteractability: false, timeouts: {implicit: 0, pageLoad: 300000, script: 30000}, unhandledPromptBehavior: dismiss and notify, webauthn:extension:credBlob: true, webauthn:extension:largeBlob: true, webauthn:virtualAuthenticators: true}
Session ID: ae74a0a35ecfda82cb8300ae9a706922
	at java.base/jdk.internal.reflect.NativeConstructorAccessorImpl.newInstance0(Native Method)
	at java.base/jdk.internal.reflect.NativeConstructorAccessorImpl.newInstance(NativeConstructorAccessorImpl.java:62)
	at java.base/jdk.internal.reflect.DelegatingConstructorAccessorImpl.newInstance(DelegatingConstructorAccessorImpl.java:45)
	at java.base/java.lang.reflect.Constructor.newInstance(Constructor.java:490)
	at org.openqa.selenium.remote.codec.w3c.W3CHttpResponseCodec.createException(W3CHttpResponseCodec.java:200)
	at org.openqa.selenium.remote.codec.w3c.W3CHttpResponseCodec.decode(W3CHttpResponseCodec.java:133)
	at org.openqa.selenium.remote.codec.w3c.W3CHttpResponseCodec.decode(W3CHttpResponseCodec.java:53)
	at org.openqa.selenium.remote.HttpCommandExecutor.execute(HttpCommandExecutor.java:184)
	at org.openqa.selenium.remote.service.DriverCommandExecutor.invokeExecute(DriverCommandExecutor.java:167)
	at org.openqa.selenium.remote.service.DriverCommandExecutor.execute(DriverCommandExecutor.java:142)
	at org.openqa.selenium.remote.RemoteWebDriver.execute(RemoteWebDriver.java:558)
	at org.openqa.selenium.remote.ElementLocation$ElementFinder$2.findElement(ElementLocation.java:162)
	at org.openqa.selenium.remote.ElementLocation.findElement(ElementLocation.java:60)
	at org.openqa.selenium.remote.RemoteWebDriver.findElement(RemoteWebDriver.java:382)
	at org.openqa.selenium.remote.RemoteWebDriver.findElement(RemoteWebDriver.java:374)
	at net.thucydides.core.webdriver.WebDriverFacade.findElement(WebDriverFacade.java:224)
	at net.serenitybdd.core.pages.WebElementResolverByLocator.resolveForDriver(WebElementResolverByLocator.java:25)
	at net.serenitybdd.core.pages.WebElementFacadeImpl.getResolvedElement(WebElementFacadeImpl.java:191)
	at net.serenitybdd.core.pages.WebElementFacadeImpl.getElement(WebElementFacadeImpl.java:186)
	at net.serenitybdd.core.pages.WebElementFacadeImpl.isDisplayed(WebElementFacadeImpl.java:1289)
	at serenity@1.0-SNAPSHOT/starter.pages.LoginPage.headerDisplayed(LoginPage.java:29)
	at serenity@1.0-SNAPSHOT/starter.pages.LoginPage$ByteBuddy$Wsw22xrm.headerDisplayed$accessor$YROQbF5M(Unknown Source)
	at java.base/jdk.internal.reflect.NativeMethodAccessorImpl.invoke0(Native Method)
	at java.base/jdk.internal.reflect.NativeMethodAccessorImpl.invoke(NativeMethodAccessorImpl.java:62)
	at java.base/jdk.internal.reflect.DelegatingMethodAccessorImpl.invoke(DelegatingMethodAccessorImpl.java:43)
	at java.base/java.lang.reflect.Method.invoke(Method.java:566)
	at net.thucydides.core.steps.BaseMethodRunner.invokeMethod(BaseMethodRunner.java:18)
	at net.thucydides.core.steps.NormalMethodRunner.invokeMethodAndNotifyFailures(NormalMethodRunner.java:18)
	at net.thucydides.core.steps.StepInterceptor.runNormalMethod(StepInterceptor.java:406)
	at net.thucydides.core.steps.StepInterceptor.testStepResult(StepInterceptor.java:191)
	at net.thucydides.core.steps.StepInterceptor.intercept(StepInterceptor.java:84)
	at net.thucydides.core.steps.ProxyConfiguration$InterceptorDispatcher.intercept(ProxyConfiguration.java:51)
	at serenity@1.0-SNAPSHOT/starter.pages.LoginPage$ByteBuddy$Wsw22xrm.headerDisplayed(Unknown Source)
	at serenity@1.0-SNAPSHOT/starter.stepdefinitions.LoginStep.iWillGoToDashboard(LoginStep.java:46)
	at âœ½.I will go to dashboard(file:///C:/Users/Acer/IdeaProjects/serenity/src/test/resources/features/Login.feature:18)
&amp#27;[0m
16:07:43.335 [main] ERROR  - 
  _____   ___   ___   _____     ___   ___   ___    ___    ___ 
 |_   _| | __| / __| |_   _|   | __| | _ \ | _ \  / _ \  | _ \
   | |   | _|  \__ \   | |     | _|  |   / |   / | (_) | |   /
   |_|   |___| |___/   |_|     |___| |_|_\ |_|_\  \___/  |_|_\

Login with valid username and valid password
---------------------------------------------------------------
16:07:43.341 [main] DEBUG  - RELATED ISSUES: 
16:07:43.343 [main] ERROR  -     Test failed at step: Header displayed
16:07:43.344 [main] ERROR  -     no such element: Unable to locate element: {"method":"xpath","selector":"//span[@class = 'title']"}
16:07:43.348 [AsyncHttpClient-1-7] DEBUG org.asynchttpclient.netty.handler.WebSocketHandler - Channel Closed: [id: 0x9b231086, L:/127.0.0.1:59223 ! R:localhost/127.0.0.1:59216] with attribute NettyResponseFuture{currentRetry=5,
	isDone=1,
	isCancelled=0,
	asyncHandler=org.asynchttpclient.ws.WebSocketUpgradeHandler@3c4ee473,
	nettyRequest=org.asynchttpclient.netty.request.NettyRequest@794c7d9e,
	future=java.util.concurrent.CompletableFuture@7b003b23[Completed normally],
	uri=ws://localhost:59216/devtools/browser/fda35e0c-454a-4e01-8895-9259bddfd6a7,
	keepAlive=true,
	redirectCount=0,
	timeoutsHolder=null,
	inAuth=0,
	touch=1665565613073}
16:07:43.349 [AsyncHttpClient-1-7] DEBUG org.asynchttpclient.netty.channel.ChannelManager - Closing Channel [id: 0x9b231086, L:/127.0.0.1:59223 ! R:localhost/127.0.0.1:59216] 
16:07:43.350 [Driver Command Executor] DEBUG org.asynchttpclient.netty.request.NettyRequestSender - Using pooled Channel '[id: 0x15ac0791, L:/127.0.0.1:59215 - R:localhost/127.0.0.1:56216]' for 'DELETE' to 'http://localhost:56216/session/ae74a0a35ecfda82cb8300ae9a706922'
16:07:43.350 [Driver Command Executor] DEBUG org.asynchttpclient.netty.request.NettyRequestSender - Using open Channel [id: 0x15ac0791, L:/127.0.0.1:59215 - R:localhost/127.0.0.1:56216] for DELETE '/session/ae74a0a35ecfda82cb8300ae9a706922'
16:07:43.967 [AsyncHttpClient-1-1] DEBUG org.asynchttpclient.netty.channel.DefaultChannelPool - Entry count for : http://localhost:59216 : 1
16:07:45.065 [AsyncHttpClient-1-1] DEBUG org.asynchttpclient.netty.channel.DefaultChannelPool - Entry count for : http://localhost:59216 : 1
16:07:45.229 [AsyncHttpClient-1-6] DEBUG org.asynchttpclient.netty.handler.HttpHandler - Unexpected I/O exception on channel [id: 0x1ca724f3, L:/127.0.0.1:59222 - R:localhost/127.0.0.1:59216]
java.io.IOException: An existing connection was forcibly closed by the remote host
	at java.base/sun.nio.ch.SocketDispatcher.read0(Native Method)
	at java.base/sun.nio.ch.SocketDispatcher.read(SocketDispatcher.java:43)
	at java.base/sun.nio.ch.IOUtil.readIntoNativeBuffer(IOUtil.java:276)
	at java.base/sun.nio.ch.IOUtil.read(IOUtil.java:233)
	at java.base/sun.nio.ch.IOUtil.read(IOUtil.java:223)
	at java.base/sun.nio.ch.SocketChannelImpl.read(SocketChannelImpl.java:358)
	at io.netty.buffer.PooledByteBuf.setBytes(PooledByteBuf.java:258)
	at io.netty.buffer.AbstractByteBuf.writeBytes(AbstractByteBuf.java:1132)
	at io.netty.channel.socket.nio.NioSocketChannel.doReadBytes(NioSocketChannel.java:350)
	at io.netty.channel.nio.AbstractNioByteChannel$NioByteUnsafe.read(AbstractNioByteChannel.java:151)
	at io.netty.channel.nio.NioEventLoop.processSelectedKey(NioEventLoop.java:722)
	at io.netty.channel.nio.NioEventLoop.processSelectedKeysOptimized(NioEventLoop.java:658)
	at io.netty.channel.nio.NioEventLoop.processSelectedKeys(NioEventLoop.java:584)
	at io.netty.channel.nio.NioEventLoop.run(NioEventLoop.java:496)
	at io.netty.util.concurrent.SingleThreadEventExecutor$4.run(SingleThreadEventExecutor.java:986)
	at io.netty.util.internal.ThreadExecutorMap$2.run(ThreadExecutorMap.java:74)
	at io.netty.util.concurrent.FastThreadLocalRunnable.run(FastThreadLocalRunnable.java:30)
	at java.base/java.lang.Thread.run(Thread.java:834)
16:07:45.230 [AsyncHttpClient-1-6] DEBUG org.asynchttpclient.netty.channel.ChannelManager - Closing Channel [id: 0x1ca724f3, L:/127.0.0.1:59222 - R:localhost/127.0.0.1:59216] 
16:07:45.230 [AsyncHttpClient-1-6] DEBUG org.asynchttpclient.netty.handler.HttpHandler - Channel Closed: [id: 0x1ca724f3, L:/127.0.0.1:59222 ! R:localhost/127.0.0.1:59216] with attribute DISCARD
16:07:45.413 [AsyncHttpClient-1-5] DEBUG org.asynchttpclient.netty.handler.HttpHandler - 

Request DefaultFullHttpRequest(decodeResult: success, version: HTTP/1.1, content: EmptyByteBufBE)
DELETE /session/ae74a0a35ecfda82cb8300ae9a706922 HTTP/1.1
User-Agent: selenium/4.1.2 (java windows)
Content-Type: application/json; charset=utf-8
host: localhost:56216
accept: */*

Response DefaultHttpResponse(decodeResult: success, version: HTTP/1.1)
HTTP/1.1 200 OK
Content-Type: application/json; charset=utf-8
cache-control: no-cache
content-length: 14

16:07:45.414 [AsyncHttpClient-1-5] DEBUG org.asynchttpclient.netty.channel.ChannelManager - Adding key: http://localhost:56216 for channel [id: 0x15ac0791, L:/127.0.0.1:59215 - R:localhost/127.0.0.1:56216]
16:07:45.660 [AsyncHttpClient-1-5] DEBUG org.asynchttpclient.netty.handler.HttpHandler - Channel Closed: [id: 0x15ac0791, L:/127.0.0.1:59215 ! R:localhost/127.0.0.1:56216] with attribute DISCARD
]]></system-out>
    <system-err><![CDATA[Starting ChromeDriver 106.0.5249.61 (511755355844955cd3e264779baf0dd38212a4d0-refs/branch-heads/5249@{#569}) on port 56216
Only local connections are allowed.
Please see https://chromedriver.chromium.org/security-considerations for suggestions on keeping ChromeDriver safe.
ChromeDriver was started successfully.
Oct 12, 2022 4:06:53 PM org.openqa.selenium.remote.ProtocolHandshake createSession
INFO: Detected dialect: W3C
Oct 12, 2022 4:06:53 PM org.openqa.selenium.devtools.CdpVersionFinder findNearestMatch
WARNING: Unable to find an exact match for CDP version 106, so returning the closest version found: a no-op implementation
Oct 12, 2022 4:06:53 PM org.openqa.selenium.devtools.CdpVersionFinder findNearestMatch
INFO: Unable to find CDP implementation matching 106.
Oct 12, 2022 4:06:53 PM org.openqa.selenium.chromium.ChromiumDriver lambda$new$3
WARNING: Unable to find version of CDP to use for . You may need to include a dependency on a specific version of the CDP using something similar to `org.seleniumhq.selenium:selenium-devtools-v86:4.1.2` where the version ("v86") matches the version of the chromium-based browser you're using and the version number of the artifact is the same as Selenium's.
]]></system-err>
  </testcase>
</testsuite>