-------------------------------------------------------------------------------
Test set: starter.CucumberTestSuite
-------------------------------------------------------------------------------
Tests run: 1, Failures: 0, Errors: 1, Skipped: 0, Time elapsed: 0.001 s <<< FAILURE! - in starter.CucumberTestSuite
starter.CucumberTestSuite.initializationError  Time elapsed: 0.001 s  <<< ERROR!
java.lang.IllegalArgumentException: path must exist: C:\Users\Yusuf Efendi\IdeaProjects\SerenityRest\src\test\resources\features

